oai-du-rfsim-1     | 1463192.085150 [NR_MAC] I Frame.Slot 512.0
oai-du-rfsim-1     | UE RNTI d389 CU-UE-ID 1 in-sync PH 48 dB PCMAX 20 dBm, average RSRP -44 (16 meas)
oai-du-rfsim-1     | UE d389: dlsch_rounds 1652/0/0/0, dlsch_errors 0, pucch0_DTX 0, BLER 0.00000 MCS (0) 9
oai-du-rfsim-1     | UE d389: ulsch_rounds 16345/0/0/0, ulsch_errors 0, ulsch_DTX 0, BLER 0.00000 MCS (0) 9 (Qm 2 deltaMCS 0 dB) NPRB 5  SNR 51.0 dB
oai-ue-rfsimu-1-1  | [NR_MAC]   UE 0 stats sfn: 512.8, cumulated bad DCI 0
oai-ue-rfsimu-2-1  | [NR_MAC]   UE 0 stats sfn: 512.8, cumulated bad DCI 0
oai-du-rfsim-1     | UE d389: MAC:    TX         203259 RX        1892085 bytes
oai-ue-rfsimu-1-1  |     DL harq: 1652/0
oai-ue-rfsimu-2-1  |     DL harq: 1651/0
oai-du-rfsim-1     | UE d389: LCID 1: TX            534 RX            306 bytes
oai-ue-rfsimu-1-1  |     Ul harq: 16346/0 avg code rate 0.7, avg bit/symbol 2.0, avg per TB: (nb RBs 5.0, nb symbols 13.0)
oai-ue-rfsimu-2-1  |     Ul harq: 16340/0 avg code rate 0.7, avg bit/symbol 2.0, avg per TB: (nb RBs 5.0, nb symbols 13.0)
oai-du-rfsim-1     | UE d389: LCID 2: TX              0 RX              0 bytes
oai-du-rfsim-1     | UE d389: LCID 4: TX             21 RX            453 bytes
oai-du-rfsim-1     | UE RNTI 6d02 CU-UE-ID 2 in-sync PH 48 dB PCMAX 20 dBm, average RSRP -44 (16 meas)
oai-du-rfsim-1     | UE 6d02: dlsch_rounds 1651/0/0/0, dlsch_errors 0, pucch0_DTX 0, BLER 0.00000 MCS (0) 9
oai-du-rfsim-1     | UE 6d02: ulsch_rounds 16339/0/0/0, ulsch_errors 0, ulsch_DTX 0, BLER 0.00000 MCS (0) 9 (Qm 2 deltaMCS 0 dB) NPRB 5  SNR 51.0 dB
oai-du-rfsim-1     | UE 6d02: MAC:    TX         202876 RX        1891899 bytes
oai-du-rfsim-1     | UE 6d02: LCID 1: TX            534 RX            298 bytes
oai-du-rfsim-1     | UE 6d02: LCID 2: TX              0 RX              0 bytes
oai-du-rfsim-1     | UE 6d02: LCID 4: TX             21 RX            443 bytes
oai-du-rfsim-1     | 
oai-du-rfsim-1     | 1463192.579908 [NR_MAC] I Frame.Slot 640.0
oai-du-rfsim-1     | UE RNTI d389 CU-UE-ID 1 in-sync PH 48 dB PCMAX 20 dBm, average RSRP -44 (16 meas)
oai-du-rfsim-1     | UE d389: dlsch_rounds 1653/0/0/0, dlsch_errors 0, pucch0_DTX 0, BLER 0.00000 MCS (0) 9
oai-ue-rfsimu-1-1  | [NR_MAC]   UE 0 stats sfn: 640.8, cumulated bad DCI 0
oai-ue-rfsimu-2-1  | [NR_MAC]   UE 0 stats sfn: 640.8, cumulated bad DCI 0
oai-du-rfsim-1     | UE d389: ulsch_rounds 16358/0/0/0, ulsch_errors 0, ulsch_DTX 0, BLER 0.00000 MCS (0) 9 (Qm 2 deltaMCS 0 dB) NPRB 5  SNR 51.0 dB
oai-ue-rfsimu-1-1  |     DL harq: 1653/0
oai-ue-rfsimu-2-1  |     DL harq: 1653/0
oai-du-rfsim-1     | UE d389: MAC:    TX         203382 RX        1893593 bytes
oai-ue-rfsimu-1-1  |     Ul harq: 16359/0 avg code rate 0.7, avg bit/symbol 2.0, avg per TB: (nb RBs 5.0, nb symbols 13.0)
oai-ue-rfsimu-2-1  |     Ul harq: 16353/0 avg code rate 0.7, avg bit/symbol 2.0, avg per TB: (nb RBs 5.0, nb symbols 13.0)
oai-du-rfsim-1     | UE d389: LCID 1: TX            534 RX            306 bytes
oai-du-rfsim-1     | UE d389: LCID 2: TX              0 RX              0 bytes
oai-du-rfsim-1     | UE d389: LCID 4: TX             21 RX            453 bytes
oai-du-rfsim-1     | UE RNTI 6d02 CU-UE-ID 2 in-sync PH 48 dB PCMAX 20 dBm, average RSRP -44 (16 meas)
oai-du-rfsim-1     | UE 6d02: dlsch_rounds 1653/0/0/0, dlsch_errors 0, pucch0_DTX 0, BLER 0.00000 MCS (0) 9
oai-du-rfsim-1     | UE 6d02: ulsch_rounds 16352/0/0/0, ulsch_errors 0, ulsch_DTX 0, BLER 0.00000 MCS (0) 9 (Qm 2 deltaMCS 0 dB) NPRB 5  SNR 51.0 dB
oai-du-rfsim-1     | UE 6d02: MAC:    TX         203122 RX        1893407 bytes
oai-du-rfsim-1     | UE 6d02: LCID 1: TX            534 RX            298 bytes
oai-du-rfsim-1     | UE 6d02: LCID 2: TX              0 RX              0 bytes
oai-du-rfsim-1     | UE 6d02: LCID 4: TX             21 RX            443 bytes
oai-du-rfsim-1     | 
oai-du-rfsim-1     | nr-softmodem: /flexric/src/sm/mac_sm/dec/mac_dec_plain.c:90: mac_dec_ctrl_hdr_plain: Assertion `len == sizeof(mac_ctrl_hdr_t)' failed.
nearRT-RIC-1       | [NEAR-RIC]: CONTROL SERVICE sent
nearRT-RIC-1       | [iApp]: E42_RIC_CONTROL_REQUEST rx
oai-ue-rfsimu-1-1  | [HW]   Lost socket
oai-ue-rfsimu-2-1  | [HW]   Lost socket
oai-cu-cp-1        | [SCTP]   Received SCTP SHUTDOWN EVENT
nearRT-RIC-1       | [E2AP]: SCTP_SHUTDOWN_EVENT 
oai-ue-rfsimu-1-1  | mac 70 14 aa e8 
oai-ue-rfsimu-2-1  | mac a4 21 23 e9 
oai-cu-cp-1        | [F1AP]   Received SCTP state 1 for assoc_id 2375, removing endpoint
oai-cu-up-1        | [E1AP]   releasing UE 1
nearRT-RIC-1       | [NEAR-RIC]: Removing E2 Node MCC 999 MNC 70 NB_ID 3584 
oai-ue-rfsimu-1-1  | mac 6 a f9 b3 
oai-ue-rfsimu-2-1  | mac 2d 72 31 fe 
oai-cu-cp-1        | [RRC]   releasing DU ID 3584 (gNB-Eurecom-DU) on assoc_id 2375
oai-cu-up-1        | [GTPU]   [93] Deleted all tunnels for ue id 1 (1 tunnels deleted)
oai-cu-cp-1        | [NR_RRC]   2 UEs lost through DU disconnect
oai-cu-up-1        | [GTPU]   [92] Deleted all tunnels for ue id 1 (1 tunnels deleted)
oai-cu-cp-1        | [NR_RRC]   removed UE CU UE ID 1/RNTI d389 
oai-cu-up-1        | [SDAP]   Successfully deleted SDAP entity for UE 1
oai-cu-cp-1        | [NR_RRC]   [--] (cellID bc614e, UE ID 1 RNTI d389) Remove UE context
oai-cu-up-1        | [E1AP]   releasing UE 2
oai-cu-cp-1        | [RRC]   UE 1: received bearer release complete
oai-cu-up-1        | [GTPU]   [93] Deleted all tunnels for ue id 2 (1 tunnels deleted)
oai-cu-cp-1        | [NR_RRC]   removed UE CU UE ID 2/RNTI 6d02 
oai-cu-up-1        | [GTPU]   [92] Deleted all tunnels for ue id 2 (1 tunnels deleted)
oai-cu-cp-1        | [NR_RRC]   [--] (cellID bc614e, UE ID 2 RNTI 6d02) Remove UE context
oai-cu-cp-1        | [RRC]   UE 2: received bearer release complete
oai-ue-rfsimu-2-1 exited with code 0
oai-ue-rfsimu-1-1 exited with code 0
oai-ue-rfsimu-1-1  | [OPT]   OPT disabled
oai-ue-rfsimu-1-1  | [HW]   Version: Branch: develop Abrev. Hash: ff58b5e Date: Wed Feb 12 06:55:05 2025 +0000
oai-ue-rfsimu-1-1  | [UTIL]   Opened socket oaitun_ue1 with fd nas_sock_fd[0]=93
oai-ue-rfsimu-1-1  | [PDCP]   UE pdcp will use tun interface
oai-ue-rfsimu-1-1  | [SIM]   UICC simulation: IMSI=999700000000001, IMEISV=6754567890123413, Ki=fec86ba6eb707ed08905757b1bb44b8f, OPc=c42449363bbad02b66d16bc975d77cc1, DNN=internet, SST=0x01, SD=0xffffff
oai-ue-rfsimu-1-1  | [NR_MAC]   [UE0] Initializing MAC
oai-ue-rfsimu-1-1  | [NR_MAC]   Initializing dl and ul config_request. num_slots = 20
oai-ue-rfsimu-1-1  | [RLC]   Activated srb0 for UE 0
oai-ue-rfsimu-1-1  | [RLC]   SRB0 already exists for UE 0, do nothing
oai-ue-rfsimu-1-1  | [PHY]   Set UE_fo_compensation 0, UE_scan_carrier 0, UE_no_timing_correction 0 
oai-ue-rfsimu-1-1  | , chest-freq 0, chest-time 0
oai-ue-rfsimu-1-1  | [PHY]   Set UE nb_rx_antenna 1, nb_tx_antenna 1, threequarter_fs 1, ssb_start_subcarrier 516
oai-ue-rfsimu-1-1  | [PHY]   SA init parameters. DL freq 3619200000 UL offset 0 SSB numerology 1 N_RB_DL 106
oai-ue-rfsimu-1-1  | [PHY]   Init: N_RB_DL 106, first_carrier_offset 900, nb_prefix_samples 108,nb_prefix_samples0 132, ofdm_symbol_size 1536
oai-ue-rfsimu-1-1  | [PHY]   samples_per_subframe 46080/per second 46080000, wCP 43008
oai-ue-rfsimu-1-1  | [UTIL]   threadCreate() for SYNC__actor: creating thread with affinity ffffffff, priority 97
oai-ue-rfsimu-1-1  | [UTIL]   threadCreate() for DL__actor: creating thread with affinity ffffffff, priority 97
oai-ue-rfsimu-1-1  | [UTIL]   threadCreate() for DL__actor: creating thread with affinity ffffffff, priority 97
oai-ue-rfsimu-1-1  | [UTIL]   threadCreate() for DL__actor: creating thread with affinity ffffffff, priority 97
oai-ue-rfsimu-1-1  | [UTIL]   threadCreate() for DL__actor: creating thread with affinity ffffffff, priority 97
oai-ue-rfsimu-1-1  | [UTIL]   threadCreate() for UL__actor: creating thread with affinity ffffffff, priority 97
oai-ue-rfsimu-1-1  | [PHY]   Initializing UE vars for gNB TXant 1, UE RXant 1
oai-ue-rfsimu-2-1  | [OPT]   OPT disabled
oai-ue-rfsimu-2-1  | [HW]   Version: Branch: develop Abrev. Hash: ff58b5e Date: Wed Feb 12 06:55:05 2025 +0000
oai-ue-rfsimu-2-1  | [UTIL]   Opened socket oaitun_ue1 with fd nas_sock_fd[0]=93
oai-ue-rfsimu-2-1  | [PDCP]   UE pdcp will use tun interface
oai-ue-rfsimu-2-1  | [SIM]   UICC simulation: IMSI=999700000000002, IMEISV=6754567890123413, Ki=fec86ba6eb707ed08905757b1bb44b8f, OPc=c42449363bbad02b66d16bc975d77cc1, DNN=internet, SST=0x01, SD=0xffffff
oai-ue-rfsimu-2-1  | [NR_MAC]   [UE0] Initializing MAC
oai-ue-rfsimu-2-1  | [NR_MAC]   Initializing dl and ul config_request. num_slots = 20
oai-ue-rfsimu-2-1  | [RLC]   Activated srb0 for UE 0
oai-ue-rfsimu-2-1  | [RLC]   SRB0 already exists for UE 0, do nothing
oai-ue-rfsimu-2-1  | [PHY]   Set UE_fo_compensation 0, UE_scan_carrier 0, UE_no_timing_correction 0 
oai-ue-rfsimu-2-1  | , chest-freq 0, chest-time 0
oai-ue-rfsimu-2-1  | [PHY]   Set UE nb_rx_antenna 1, nb_tx_antenna 1, threequarter_fs 1, ssb_start_subcarrier 516
oai-ue-rfsimu-2-1  | [PHY]   SA init parameters. DL freq 3619200000 UL offset 0 SSB numerology 1 N_RB_DL 106
oai-ue-rfsimu-2-1  | [PHY]   Init: N_RB_DL 106, first_carrier_offset 900, nb_prefix_samples 108,nb_prefix_samples0 132, ofdm_symbol_size 1536
oai-ue-rfsimu-2-1  | [PHY]   samples_per_subframe 46080/per second 46080000, wCP 43008
oai-ue-rfsimu-2-1  | [UTIL]   threadCreate() for SYNC__actor: creating thread with affinity ffffffff, priority 97
oai-ue-rfsimu-2-1  | [UTIL]   threadCreate() for DL__actor: creating thread with affinity ffffffff, priority 97
oai-ue-rfsimu-2-1  | [UTIL]   threadCreate() for DL__actor: creating thread with affinity ffffffff, priority 97
oai-ue-rfsimu-2-1  | [UTIL]   threadCreate() for DL__actor: creating thread with affinity ffffffff, priority 97
oai-ue-rfsimu-2-1  | [UTIL]   threadCreate() for DL__actor: creating thread with affinity ffffffff, priority 97
oai-ue-rfsimu-2-1  | [UTIL]   threadCreate() for UL__actor: creating thread with affinity ffffffff, priority 97
oai-ue-rfsimu-2-1  | [PHY]   Initializing UE vars for gNB TXant 1, UE RXant 1
oai-ue-rfsimu-1-1  | [PHY]   prs_config configuration NOT found..!! Skipped configuring UE for the PRS reception
oai-ue-rfsimu-2-1  | [PHY]   prs_config configuration NOT found..!! Skipped configuring UE for the PRS reception
oai-ue-rfsimu-1-1  | [PHY]   UE 0 Setting N_TA_offset to 600 samples (UL Freq 3619200000, N_RB 106, mu 1)
oai-ue-rfsimu-1-1  | [PHY]   HW: Configuring card 0, sample_rate 46080000.000000, tx/rx num_channels 1/1, duplex_mode TDD
oai-ue-rfsimu-1-1  | [PHY]   HW: Configuring channel 0 (rf_chain 0): setting tx_freq 3619200000 Hz, rx_freq 3619200000 Hz, tune_offset 0
oai-ue-rfsimu-1-1  | [PHY]   HW: Configuring channel 0 (rf_chain 0): setting tx_gain 0, rx_gain 110
oai-ue-rfsimu-1-1  | [PHY]   HW: Configuring card 1, sample_rate 46080000.000000, tx/rx num_channels 1/1, duplex_mode TDD
oai-ue-rfsimu-1-1  | [PHY]   HW: Configuring channel 0 (rf_chain 0): setting tx_freq 3619200000 Hz, rx_freq 3619200000 Hz, tune_offset 0
oai-ue-rfsimu-1-1  | [PHY]   HW: Configuring channel 0 (rf_chain 0): setting tx_gain 0, rx_gain 110
oai-ue-rfsimu-1-1  | [PHY]   HW: Configuring card 2, sample_rate 46080000.000000, tx/rx num_channels 1/1, duplex_mode TDD
oai-ue-rfsimu-1-1  | [PHY]   HW: Configuring channel 0 (rf_chain 0): setting tx_freq 3619200000 Hz, rx_freq 3619200000 Hz, tune_offset 0
oai-ue-rfsimu-1-1  | [PHY]   HW: Configuring channel 0 (rf_chain 0): setting tx_gain 0, rx_gain 110
oai-ue-rfsimu-1-1  | [PHY]   HW: Configuring card 3, sample_rate 46080000.000000, tx/rx num_channels 1/1, duplex_mode TDD
oai-ue-rfsimu-1-1  | [PHY]   HW: Configuring channel 0 (rf_chain 0): setting tx_freq 3619200000 Hz, rx_freq 3619200000 Hz, tune_offset 0
oai-ue-rfsimu-1-1  | [PHY]   HW: Configuring channel 0 (rf_chain 0): setting tx_gain 0, rx_gain 110
oai-ue-rfsimu-1-1  | [PHY]   HW: Configuring card 4, sample_rate 46080000.000000, tx/rx num_channels 1/1, duplex_mode TDD
oai-ue-rfsimu-1-1  | [PHY]   HW: Configuring channel 0 (rf_chain 0): setting tx_freq 3619200000 Hz, rx_freq 3619200000 Hz, tune_offset 0
oai-ue-rfsimu-1-1  | [PHY]   HW: Configuring channel 0 (rf_chain 0): setting tx_gain 0, rx_gain 110
oai-ue-rfsimu-1-1  | [PHY]   HW: Configuring card 5, sample_rate 46080000.000000, tx/rx num_channels 1/1, duplex_mode TDD
oai-ue-rfsimu-1-1  | [PHY]   HW: Configuring channel 0 (rf_chain 0): setting tx_freq 3619200000 Hz, rx_freq 3619200000 Hz, tune_offset 0
oai-ue-rfsimu-1-1  | [PHY]   HW: Configuring channel 0 (rf_chain 0): setting tx_gain 0, rx_gain 110
oai-ue-rfsimu-1-1  | [PHY]   HW: Configuring card 6, sample_rate 46080000.000000, tx/rx num_channels 1/1, duplex_mode TDD
oai-ue-rfsimu-1-1  | [PHY]   HW: Configuring channel 0 (rf_chain 0): setting tx_freq 3619200000 Hz, rx_freq 3619200000 Hz, tune_offset 0
oai-ue-rfsimu-1-1  | [PHY]   HW: Configuring channel 0 (rf_chain 0): setting tx_gain 0, rx_gain 110
oai-ue-rfsimu-1-1  | [PHY]   HW: Configuring card 7, sample_rate 46080000.000000, tx/rx num_channels 1/1, duplex_mode TDD
oai-ue-rfsimu-1-1  | [PHY]   HW: Configuring channel 0 (rf_chain 0): setting tx_freq 3619200000 Hz, rx_freq 3619200000 Hz, tune_offset 0
oai-ue-rfsimu-1-1  | [PHY]   HW: Configuring channel 0 (rf_chain 0): setting tx_gain 0, rx_gain 110
oai-ue-rfsimu-2-1  | [PHY]   UE 0 Setting N_TA_offset to 600 samples (UL Freq 3619200000, N_RB 106, mu 1)
oai-ue-rfsimu-2-1  | [PHY]   HW: Configuring card 0, sample_rate 46080000.000000, tx/rx num_channels 1/1, duplex_mode TDD
oai-ue-rfsimu-2-1  | [PHY]   HW: Configuring channel 0 (rf_chain 0): setting tx_freq 3619200000 Hz, rx_freq 3619200000 Hz, tune_offset 0
oai-ue-rfsimu-2-1  | [PHY]   HW: Configuring channel 0 (rf_chain 0): setting tx_gain 0, rx_gain 110
oai-ue-rfsimu-2-1  | [PHY]   HW: Configuring card 1, sample_rate 46080000.000000, tx/rx num_channels 1/1, duplex_mode TDD
oai-ue-rfsimu-2-1  | [PHY]   HW: Configuring channel 0 (rf_chain 0): setting tx_freq 3619200000 Hz, rx_freq 3619200000 Hz, tune_offset 0
oai-ue-rfsimu-2-1  | [PHY]   HW: Configuring channel 0 (rf_chain 0): setting tx_gain 0, rx_gain 110
oai-ue-rfsimu-2-1  | [PHY]   HW: Configuring card 2, sample_rate 46080000.000000, tx/rx num_channels 1/1, duplex_mode TDD
oai-ue-rfsimu-2-1  | [PHY]   HW: Configuring channel 0 (rf_chain 0): setting tx_freq 3619200000 Hz, rx_freq 3619200000 Hz, tune_offset 0
oai-ue-rfsimu-2-1  | [PHY]   HW: Configuring channel 0 (rf_chain 0): setting tx_gain 0, rx_gain 110
oai-ue-rfsimu-2-1  | [PHY]   HW: Configuring card 3, sample_rate 46080000.000000, tx/rx num_channels 1/1, duplex_mode TDD
oai-ue-rfsimu-2-1  | [PHY]   HW: Configuring channel 0 (rf_chain 0): setting tx_freq 3619200000 Hz, rx_freq 3619200000 Hz, tune_offset 0
oai-ue-rfsimu-2-1  | [PHY]   HW: Configuring channel 0 (rf_chain 0): setting tx_gain 0, rx_gain 110
oai-ue-rfsimu-2-1  | [PHY]   HW: Configuring card 4, sample_rate 46080000.000000, tx/rx num_channels 1/1, duplex_mode TDD
oai-ue-rfsimu-2-1  | [PHY]   HW: Configuring channel 0 (rf_chain 0): setting tx_freq 3619200000 Hz, rx_freq 3619200000 Hz, tune_offset 0
oai-ue-rfsimu-2-1  | [PHY]   HW: Configuring channel 0 (rf_chain 0): setting tx_gain 0, rx_gain 110
oai-ue-rfsimu-2-1  | [PHY]   HW: Configuring card 5, sample_rate 46080000.000000, tx/rx num_channels 1/1, duplex_mode TDD
oai-ue-rfsimu-2-1  | [PHY]   HW: Configuring channel 0 (rf_chain 0): setting tx_freq 3619200000 Hz, rx_freq 3619200000 Hz, tune_offset 0
oai-ue-rfsimu-2-1  | [PHY]   HW: Configuring channel 0 (rf_chain 0): setting tx_gain 0, rx_gain 110
oai-ue-rfsimu-2-1  | [PHY]   HW: Configuring card 6, sample_rate 46080000.000000, tx/rx num_channels 1/1, duplex_mode TDD
oai-ue-rfsimu-2-1  | [PHY]   HW: Configuring channel 0 (rf_chain 0): setting tx_freq 3619200000 Hz, rx_freq 3619200000 Hz, tune_offset 0
oai-ue-rfsimu-2-1  | [PHY]   HW: Configuring channel 0 (rf_chain 0): setting tx_gain 0, rx_gain 110
oai-ue-rfsimu-2-1  | [PHY]   HW: Configuring card 7, sample_rate 46080000.000000, tx/rx num_channels 1/1, duplex_mode TDD
oai-ue-rfsimu-2-1  | [PHY]   HW: Configuring channel 0 (rf_chain 0): setting tx_freq 3619200000 Hz, rx_freq 3619200000 Hz, tune_offset 0
oai-ue-rfsimu-2-1  | [PHY]   HW: Configuring channel 0 (rf_chain 0): setting tx_gain 0, rx_gain 110
oai-ue-rfsimu-1-1  | [PHY]   Intializing UE Threads for instance 0 ...
oai-ue-rfsimu-1-1  | [UTIL]   threadCreate() for UEthread_0: creating thread with affinity ffffffff, priority 97
oai-ue-rfsimu-1-1  | [UTIL]   threadCreate() for L1_UE_stats_0: creating thread with affinity ffffffff, priority 1
oai-ue-rfsimu-1-1  | [HW]   Running as client: will connect to a rfsimulator server side
oai-ue-rfsimu-1-1  | [NR_RRC]   create TASK_RRC_NRUE 
oai-ue-rfsimu-1-1  | [UTIL]   threadCreate() for TASK_RRC_NRUE: creating thread with affinity ffffffff, priority 50
oai-ue-rfsimu-1-1  | [HW]   [RRU] has loaded RFSIMULATOR device.
oai-ue-rfsimu-1-1  | [HW]   Trying to connect to 192.168.70.180:4043
oai-ue-rfsimu-1-1  | [HW]   connect() to 192.168.70.180:4043 failed, errno(111)
oai-ue-rfsimu-1-1  | [UTIL]   threadCreate() for TASK_NAS_NRUE: creating thread with affinity ffffffff, priority 50
oai-ue-rfsimu-2-1  | [PHY]   Intializing UE Threads for instance 0 ...
oai-ue-rfsimu-2-1  | [UTIL]   threadCreate() for UEthread_0: creating thread with affinity ffffffff, priority 97
oai-ue-rfsimu-2-1  | [UTIL]   threadCreate() for L1_UE_stats_0: creating thread with affinity ffffffff, priority 1
oai-ue-rfsimu-2-1  | [HW]   Running as client: will connect to a rfsimulator server side
oai-ue-rfsimu-2-1  | [NR_RRC]   create TASK_RRC_NRUE 
oai-ue-rfsimu-2-1  | [UTIL]   threadCreate() for TASK_RRC_NRUE: creating thread with affinity ffffffff, priority 50
oai-ue-rfsimu-2-1  | [HW]   [RRU] has loaded RFSIMULATOR device.
oai-ue-rfsimu-2-1  | [HW]   Trying to connect to 192.168.70.180:4043
oai-ue-rfsimu-2-1  | [HW]   connect() to 192.168.70.180:4043 failed, errno(111)
oai-ue-rfsimu-2-1  | [UTIL]   threadCreate() for TASK_NAS_NRUE: creating thread with affinity ffffffff, priority 50
nearRT-RIC-1       | Pending event timeout happened. Communication with E2 Node lost?
oai-ue-rfsimu-1-1  | [HW]   Trying to connect to 192.168.70.180:4043
oai-ue-rfsimu-1-1  | [HW]   connect() to 192.168.70.180:4043 failed, errno(111)
oai-ue-rfsimu-2-1  | [HW]   Trying to connect to 192.168.70.180:4043
oai-ue-rfsimu-2-1  | [HW]   connect() to 192.168.70.180:4043 failed, errno(111)
oai-ue-rfsimu-1-1  | [HW]   Trying to connect to 192.168.70.180:4043
oai-ue-rfsimu-1-1  | [HW]   connect() to 192.168.70.180:4043 failed, errno(111)
oai-ue-rfsimu-2-1  | [HW]   Trying to connect to 192.168.70.180:4043
oai-ue-rfsimu-2-1  | [HW]   connect() to 192.168.70.180:4043 failed, errno(111)
oai-ue-rfsimu-1-1  | [HW]   Trying to connect to 192.168.70.180:4043
oai-ue-rfsimu-1-1  | [HW]   connect() to 192.168.70.180:4043 failed, errno(111)
oai-ue-rfsimu-2-1  | [HW]   Trying to connect to 192.168.70.180:4043
oai-ue-rfsimu-2-1  | [HW]   connect() to 192.168.70.180:4043 failed, errno(111)
nearRT-RIC-1       | Pending event timeout happened. Communication with E2 Node lost?
oai-ue-rfsimu-1-1  | [HW]   Trying to connect to 192.168.70.180:4043
oai-ue-rfsimu-1-1  | [HW]   connect() to 192.168.70.180:4043 failed, errno(111)
oai-ue-rfsimu-2-1  | [HW]   Trying to connect to 192.168.70.180:4043
oai-ue-rfsimu-2-1  | [HW]   connect() to 192.168.70.180:4043 failed, errno(111)
oai-ue-rfsimu-1-1  | [HW]   Trying to connect to 192.168.70.180:4043
oai-ue-rfsimu-1-1  | [HW]   connect() to 192.168.70.180:4043 failed, errno(111)
oai-ue-rfsimu-2-1  | [HW]   Trying to connect to 192.168.70.180:4043
oai-ue-rfsimu-2-1  | [HW]   connect() to 192.168.70.180:4043 failed, errno(111)
oai-ue-rfsimu-1-1  | [HW]   Trying to connect to 192.168.70.180:4043
oai-ue-rfsimu-1-1  | [HW]   connect() to 192.168.70.180:4043 failed, errno(111)
oai-ue-rfsimu-2-1  | [HW]   Trying to connect to 192.168.70.180:4043
oai-ue-rfsimu-2-1  | [HW]   connect() to 192.168.70.180:4043 failed, errno(111)
nearRT-RIC-1       | Pending event timeout happened. Communication with E2 Node lost?
oai-ue-rfsimu-1-1  | [HW]   Trying to connect to 192.168.70.180:4043
oai-ue-rfsimu-1-1  | [HW]   connect() to 192.168.70.180:4043 failed, errno(111)
oai-ue-rfsimu-2-1  | [HW]   Trying to connect to 192.168.70.180:4043
oai-ue-rfsimu-2-1  | [HW]   connect() to 192.168.70.180:4043 failed, errno(111)
oai-ue-rfsimu-1-1  | [HW]   Trying to connect to 192.168.70.180:4043
oai-ue-rfsimu-1-1  | [HW]   connect() to 192.168.70.180:4043 failed, errno(111)
oai-ue-rfsimu-2-1  | [HW]   Trying to connect to 192.168.70.180:4043
oai-ue-rfsimu-2-1  | [HW]   connect() to 192.168.70.180:4043 failed, errno(111)
oai-ue-rfsimu-1-1  | [HW]   Trying to connect to 192.168.70.180:4043
oai-ue-rfsimu-1-1  | [HW]   connect() to 192.168.70.180:4043 failed, errno(111)
oai-ue-rfsimu-2-1  | [HW]   Trying to connect to 192.168.70.180:4043
oai-ue-rfsimu-2-1  | [HW]   connect() to 192.168.70.180:4043 failed, errno(111)
