p3rplex@p3rplex:/media/p3rplex/data5/Backup_ubuntu22/oran-orchestration/logs/CUs/CUCP_invalid_ricEventTriggerDefinition$ python3 crash.py 
==================================================
            SCTP MITM Proxy - Starting   
==================================================
[+] Connected to RIC at 192.168.71.184:36422
[*] Listening for xApp on 192.168.71.129:36422...
[*] Waiting for new xApp connection...
[+] Accepted xApp connection from ('192.168.71.185', 39372)
[TX] [xApp --> RIC]
[DEBUG]Length: 492 bytes
[*] ProcedureCode: 0xe
[DEBUG] Message Type: E42setup
[*] ProcedureCode: 0xe
[*] Processing E42setup message (492 bytes)
Before decoding:
000e0081e7000001000a0081df070008005a0000023800304f52414e2d4532534d2d4b504d000018312e332e362e312e342e312e35333134382e312e322e322e3205004b504d204d6f6e69746f720002000018312e332e362e312e342e312e35333134382e312e322e322e320008005a000003380005804f52414e2d4532534d2d5243000018312e332e362e312e342e312e35333134382e312e312e322e33050052414e20436f6e74726f6c0001000018312e332e362e312e342e312e35333134382e312e312e322e330008002c00008e0c4d41435f53544154535f56300001000016302e302e302e302e302e302e302e302e312e3134322e300008002c00008f0c524c435f53544154535f56300001000016302e302e302e302e302e302e302e302e312e3134332e300008002d0000900d504443505f53544154535f56300001000016302e302e302e302e302e302e302e302e312e3134342e300008002e0000910e534c4943455f53544154535f56300001000016302e302e302e302e302e302e302e302e312e3134352e300008002b0000920b54435f53544154535f56300001000016302e302e302e302e302e302e302e302e312e3134362e300008002c0000940c4754505f53544154535f56300001000016302e302e302e302e302e302e302e302e312e3134382e30
[*] Found 0 potential ASN.1 encoded fields.
[*] ASN.1 fields: 
[!] No potential ASN.1 encoded fields found.
[*] Skipping mutation based on probability.
[*] No mutations applied to this message.
[DEBUG] Overhead: 4.74 ms
--------------------------------------------------
[RX] [xApp <-- RIC]
[DEBUG]Length: 2389 bytes
[*] ProcedureCode: 0xe
[DEBUG] Response Type: E42setup
[DEBUG] Overhead: 0.29 ms
--------------------------------------------------
[TX] [xApp --> RIC]
[DEBUG]Length: 72 bytes
[*] ProcedureCode: 0xf
[DEBUG] Message Type: E42RICsubscription
[*] ProcedureCode: 0xf
[*] Processing E42RICsubscription message (72 bytes)
Before decoding:
000f0044000005003e00020010000300090099f9075000000e00001d00050000010000000500020003001e001b00081800000000000030000013000c4000000800010400000000c9
[*] Found 3 potential ASN.1 encoded fields.
[*] ASN.1 fields: initiatingMessage.value.protocolIEs[1].value.gNB.global-gNB-ID.gnb-id.gnb-ID.value, initiatingMessage.value.protocolIEs[4].value.ricEventTriggerDefinition, initiatingMessage.value.protocolIEs[4].value.ricAction-ToBeSetup-List[0].value.ricActionDefinition
[!] No mutable fields with valid constraints found.
[*] No mutations applied to this message.
[DEBUG] Overhead: 24.21 ms
--------------------------------------------------
[RX] [xApp <-- RIC]
[DEBUG]Length: 38 bytes
[*] ProcedureCode: 0x8
[DEBUG] Response Type: RICsubscription
[DEBUG] Overhead: 0.20 ms
--------------------------------------------------
[!] Timeout waiting for packets. Continuing...
[TX] [xApp --> RIC]
[DEBUG]Length: 28 bytes
[*] ProcedureCode: 0x10
[DEBUG] Message Type: E42RICsubscriptionDelete
[*] ProcedureCode: 0x10
[*] Processing E42RICsubscriptionDelete message (28 bytes)
Before decoding:
00100018000003003e00020010001d00050000010000000500020003
[*] Found 0 potential ASN.1 encoded fields.
[*] ASN.1 fields: 
[!] No potential ASN.1 encoded fields found.
[DEBUG] Selected fields to mutate: ['TriggerType-Choice']
[!] Field 'TriggerType-Choice' not found. Skipping mutation.
[*] No mutations applied to this message.
[DEBUG] Overhead: 12.87 ms
--------------------------------------------------
[TX] [xApp --> RIC]
[DEBUG]Length: 0 bytes
[DEBUG] Message Type: None
[*] Processing None message (0 bytes)
Before decoding:
