--------------------------------------------------
[RX] [xApp <-- RIC]
[DEBUG]Length: 2389 bytes
[*] ProcedureCode: 0xe
[DEBUG] Response Type: E42setup
[DEBUG] Overhead: 0.29 ms
--------------------------------------------------
[TX] [xApp --> RIC]
[DEBUG]Length: 134 bytes
[*] ProcedureCode: 0xf
[DEBUG] Message Type: E42RICsubscription
[*] ProcedureCode: 0xf
[*] Processing E42RICsubscription message (134 bytes)
Before decoding:
000f008081000005003e000200070003000c0499f9075000000e00200e00001d00050000010000000500020002001e005500030803e7000013004b4000004700010480420000003840010004010100000101204452422e50646370536475566f6c756d65444c0120000001204452422e50646370536475566f6c756d65554c012000004003e7
Converted to JSON:
{
  "initiatingMessage": {
    "procedureCode": 15,
    "criticality": "reject",
    "value": {
      "protocolIEs": [
        {
          "id": 62,
          "criticality": "reject",
          "value": 7
        },
        {
          "id": 3,
          "criticality": "reject",
          "value": {
            "gNB": {
              "global-gNB-ID": {
                "plmn-id": "99f907",
                "gnb-id": {
                  "gnb-ID": {
                    "value": "00000e00",
                    "length": 32
                  }
                }
              },
              "gNB-CU-UP-ID": 3584
            }
          }
        },
        {
          "id": 29,
          "criticality": "reject",
          "value": {
            "ricRequestorID": 1,
            "ricInstanceID": 0
          }
        },
        {
          "id": 5,
          "criticality": "reject",
          "value": 2
        },
        {
          "id": 30,
          "criticality": "reject",
          "value": {
            "ricEventTriggerDefinition": "0803e7",
            "ricAction-ToBeSetup-List": [
              {
                "id": 19,
                "criticality": "reject",
                "value": {
                  "ricActionID": 0,
                  "ricActionType": "report",
                  "ricActionDefinition": "00010480420000003840010004010100000101204452422e50646370536475566f6c756d65444c0120000001204452422e50646370536475566f6c756d65554c012000004003e7"
                }
              }
            ]
          }
        }
      ]
    }
  }
}
[*] Selected fuzzing strategy: asn1
[*] Found 3 potential ASN.1 encoded fields.
[*] ASN.1 fields: [{'path': 'initiatingMessage.value.protocolIEs[1].value.gNB.global-gNB-ID.gnb-id.gnb-ID.value', 'hex': '00000e00'}, {'path': 'initiatingMessage.value.protocolIEs[4].value.ricEventTriggerDefinition', 'hex': '0803e7'}, {'path': 'initiatingMessage.value.protocolIEs[4].value.ricAction-ToBeSetup-List[0].value.ricActionDefinition', 'hex': '00010480420000003840010004010100000101204452422e50646370536475566f6c756d65444c0120000001204452422e50646370536475566f6c756d65554c012000004003e7'}]
[+] Successfully decoded initiatingMessage.value.protocolIEs[4].value.ricAction-ToBeSetup-List[0].value.ricActionDefinition as E2SM-KPM-ActionDefinition
[+] ASN.1 decoded: {'asn1_spec': 'E2SM-KPM', 'definition': 'E2SM-KPM-ActionDefinition', 'decoded': {'ric-Style-Type': 4, 'actionDefinition-formats': ('actionDefinition-Format4', {'matchingUeCondList': [{'testCondInfo': {'testType': ('sNSSAI', 'true'), 'testExpr': 'equal', 'testValue': ('valueOctS', b'\x01')}}], 'subscriptionInfo': {'measInfoList': [{'measType': ('measName', 'DRB.PdcpSduVolumeDL'), 'labelInfoList': [{'measLabel': {'noLabel': 'true'}}]}, {'measType': ('measName', 'DRB.PdcpSduVolumeUL'), 'labelInfoList': [{'measLabel': {'noLabel': 'true'}}]}], 'granulPeriod': 1000}})}}
[DEBUG] Available fields in E2SM-KPM-ActionDefinition: ['ric-Style-Type', 'actionDefinition-formats', 'actionDefinition-Format4', 'matchingUeCondList', 'testCondInfo', 'testType', 'sNSSAI', 'testExpr', 'testValue', 'valueOctS', 'subscriptionInfo', 'measInfoList', 'measType', 'measName', 'labelInfoList', 'measLabel', 'noLabel', 'measType', 'measName', 'labelInfoList', 'measLabel', 'noLabel', 'granulPeriod']
[DEBUG] ASN.1 targeting fields: ['noLabel']
[DEBUG] Constraints for noLabel: {'asn1_type': 'ENUMERATED', 'type_name': 'noLabel', 'root_data_to_value': {'true': 0}, 'optional': True, 'default': None, 'tag': [2, 0]}
[DEBUG] Generated new value for noLabel: true
[+] Mutated field 'noLabel' to true in E2SM-KPM-ActionDefinition
[!] Error re-encoding ASN.1: encode() argument 'errors' must be str, not dict
[*] No mutations applied to this message.
[DEBUG] Overhead: 18.14 ms
--------------------------------------------------
[RX] [xApp <-- RIC]
[DEBUG]Length: 38 bytes
[*] ProcedureCode: 0x8
[DEBUG] Response Type: RICsubscription
[DEBUG] Overhead: 0.21 ms
--------------------------------------------------
[TX] [xApp --> RIC]
[DEBUG]Length: 178 bytes
[*] ProcedureCode: 0xf
[DEBUG] Message Type: E42RICsubscription
[*] ProcedureCode: 0xf
[*] Processing E42RICsubscription message (178 bytes)
Before decoding:
000f0080ad000005003e000200070003000c0299f9075000000e00200e00001d00050000020000000500020002001e00808000030803e7000013007640000072000104806d0000003840010004010100000401004452422e526c6353647544656c6179446c0120000000a04452422e5545546870446c0120000000a04452422e5545546870556c0120000000b05252552e507262546f74446c0120000000b05252552e507262546f74556c012000004003e7
Converted to JSON:
{
  "initiatingMessage": {
    "procedureCode": 15,
    "criticality": "reject",
    "value": {
      "protocolIEs": [
        {
          "id": 62,
          "criticality": "reject",
          "value": 7
        },
        {
          "id": 3,
          "criticality": "reject",
          "value": {
            "gNB": {
              "global-gNB-ID": {
                "plmn-id": "99f907",
                "gnb-id": {
                  "gnb-ID": {
                    "value": "00000e00",
                    "length": 32
                  }
                }
              },
              "gNB-DU-ID": 3584
            }
          }
        },
        {
          "id": 29,
          "criticality": "reject",
          "value": {
            "ricRequestorID": 2,
            "ricInstanceID": 0
          }
        },
        {
          "id": 5,
          "criticality": "reject",
          "value": 2
        },
        {
          "id": 30,
          "criticality": "reject",
          "value": {
            "ricEventTriggerDefinition": "0803e7",
            "ricAction-ToBeSetup-List": [
              {
                "id": 19,
                "criticality": "reject",
                "value": {
                  "ricActionID": 0,
                  "ricActionType": "report",
                  "ricActionDefinition": "000104806d0000003840010004010100000401004452422e526c6353647544656c6179446c0120000000a04452422e5545546870446c0120000000a04452422e5545546870556c0120000000b05252552e507262546f74446c0120000000b05252552e507262546f74556c012000004003e7"
                }
              }
            ]
          }
        }
      ]
    }
  }
}
[*] Selected fuzzing strategy: json
[DEBUG] Selected JSON fields to mutate: ['criticality', 'criticality']
[DEBUG] Generated new value for criticality: notify
[+] Mutated initiatingMessage.value.protocolIEs[4].criticality: reject -> notify
[DEBUG] Generated new value for criticality: ignore
[+] Mutated initiatingMessage.value.protocolIEs[4].value.ricAction-ToBeSetup-List[0].criticality: reject -> ignore
[*] Successfully mutated 2 JSON fields
[+] Successfully fuzzed message (178 bytes)
[+] Encoded again:
000f0080ad000005003e000200070003000c0299f9075000000e00200e00001d00050000020000000500020002001e80808000030803e7000013407640000072000104806d0000003840010004010100000401004452422e526c6353647544656c6179446c0120000000a04452422e5545546870446c0120000000a04452422e5545546870556c0120000000b05252552e507262546f74446c0120000000b05252552e507262546f74556c012000004003e7
[DEBUG] Overhead: 31.92 ms
--------------------------------------------------
[RX] [xApp <-- RIC]
[DEBUG]Length: 0 bytes
[DEBUG] Response Type: None
[*] Cleaning up xApp connection.
[*] Waiting for new xApp connection...
^C
[!] KeyboardInterrupt: Shutting down proxy.
==================================================
            FUZZING STATISTICS            
==================================================
Runtime: 0h 1m 32s
Total messages processed: 6
Messages fuzzed: 1 (16.67%)
==================================================
