p3rplex@p3rplex:/media/p3rplex/data5/Backup_ubuntu22/oran-orchestration/asn1$ python3 ver_4.py 
==================================================
            SCTP MITM Proxy - Starting   
==================================================
[+] Connected to RIC at 192.168.71.184:36422
[*] Listening for xApp on 192.168.71.129:36422...
[*] Fuzzing enabled: True (Probability: 70.0%)
[*] Waiting for new xApp connection...
[+] Accepted xApp connection from ('192.168.71.185', 43695)
[TX] [xApp --> RIC]
[DEBUG]Length: 492 bytes
[*] ProcedureCode: 0xe
[DEBUG] Message Type: E42setup
[*] ProcedureCode: 0xe
[*] Processing E42setup message (492 bytes)
Before decoding:
000e0081e7000001000a0081df070008005a0000023800304f52414e2d4532534d2d4b504d000018312e332e362e312e342e312e35333134382e312e322e322e3205004b504d204d6f6e69746f720002000018312e332e362e312e342e312e35333134382e312e322e322e320008005a000003380005804f52414e2d4532534d2d5243000018312e332e362e312e342e312e35333134382e312e312e322e33050052414e20436f6e74726f6c0001000018312e332e362e312e342e312e35333134382e312e312e322e330008002c00008e0c4d41435f53544154535f56300001000016302e302e302e302e302e302e302e302e312e3134322e300008002c00008f0c524c435f53544154535f56300001000016302e302e302e302e302e302e302e302e312e3134332e300008002d0000900d504443505f53544154535f56300001000016302e302e302e302e302e302e302e302e312e3134342e300008002e0000910e534c4943455f53544154535f56300001000016302e302e302e302e302e302e302e302e312e3134352e300008002b0000920b54435f53544154535f56300001000016302e302e302e302e302e302e302e302e312e3134362e300008002c0000940c4754505f53544154535f56300001000016302e302e302e302e302e302e302e302e312e3134382e30
Converted to JSON:
{
  "initiatingMessage": {
    "procedureCode": 14,
    "criticality": "reject",
    "value": {
      "protocolIEs": [
        {
          "id": 10,
          "criticality": "reject",
          "value": [
            {
              "id": 8,
              "criticality": "reject",
              "value": {
                "ranFunctionID": 2,
                "ranFunctionDefinition": "00304f52414e2d4532534d2d4b504d000018312e332e362e312e342e312e35333134382e312e322e322e3205004b504d204d6f6e69746f72",
                "ranFunctionRevision": 2,
                "ranFunctionOID": "1.3.6.1.4.1.53148.1.2.2.2"
              }
            },
            {
              "id": 8,
              "criticality": "reject",
              "value": {
                "ranFunctionID": 3,
                "ranFunctionDefinition": "0005804f52414e2d4532534d2d5243000018312e332e362e312e342e312e35333134382e312e312e322e33050052414e20436f6e74726f6c",
                "ranFunctionRevision": 1,
                "ranFunctionOID": "1.3.6.1.4.1.53148.1.1.2.3"
              }
            },
            {
              "id": 8,
              "criticality": "reject",
              "value": {
                "ranFunctionID": 142,
                "ranFunctionDefinition": "4d41435f53544154535f5630",
                "ranFunctionRevision": 1,
                "ranFunctionOID": "0.0.0.0.0.0.0.0.1.142.0"
              }
            },
            {
              "id": 8,
              "criticality": "reject",
              "value": {
                "ranFunctionID": 143,
                "ranFunctionDefinition": "524c435f53544154535f5630",
                "ranFunctionRevision": 1,
                "ranFunctionOID": "0.0.0.0.0.0.0.0.1.143.0"
              }
            },
            {
              "id": 8,
              "criticality": "reject",
              "value": {
                "ranFunctionID": 144,
                "ranFunctionDefinition": "504443505f53544154535f5630",
                "ranFunctionRevision": 1,
                "ranFunctionOID": "0.0.0.0.0.0.0.0.1.144.0"
              }
            },
            {
              "id": 8,
              "criticality": "reject",
              "value": {
                "ranFunctionID": 145,
                "ranFunctionDefinition": "534c4943455f53544154535f5630",
                "ranFunctionRevision": 1,
                "ranFunctionOID": "0.0.0.0.0.0.0.0.1.145.0"
              }
            },
            {
              "id": 8,
              "criticality": "reject",
              "value": {
                "ranFunctionID": 146,
                "ranFunctionDefinition": "54435f53544154535f5630",
                "ranFunctionRevision": 1,
                "ranFunctionOID": "0.0.0.0.0.0.0.0.1.146.0"
              }
            },
            {
              "id": 8,
              "criticality": "reject",
              "value": {
                "ranFunctionID": 148,
                "ranFunctionDefinition": "4754505f53544154535f5630",
                "ranFunctionRevision": 1,
                "ranFunctionOID": "0.0.0.0.0.0.0.0.1.148.0"
              }
            }
          ]
        }
      ]
    }
  }
}
[*] Selected fuzzing strategy: asn1
[*] Found 0 potential ASN.1 encoded fields.
[*] ASN.1 fields: []
[!] No potential ASN.1 encoded fields found.
[*] No mutations applied to this message.
[DEBUG] Overhead: 5.50 ms
--------------------------------------------------
[RX] [xApp <-- RIC]
[DEBUG]Length: 2389 bytes
[*] ProcedureCode: 0xe
[DEBUG] Response Type: E42setup
[DEBUG] Overhead: 0.26 ms
--------------------------------------------------
[TX] [xApp --> RIC]
[DEBUG]Length: 134 bytes
[*] ProcedureCode: 0xf
[DEBUG] Message Type: E42RICsubscription
[*] ProcedureCode: 0xf
[*] Processing E42RICsubscription message (134 bytes)
Before decoding:
000f008081000005003e000200070003000c0499f9075000000e00200e00001d00050000010000000500020002001e005500030803e7000013004b4000004700010480420000003840010004010100000101204452422e50646370536475566f6c756d65444c0120000001204452422e50646370536475566f6c756d65554c012000004003e7
Converted to JSON:
{
  "initiatingMessage": {
    "procedureCode": 15,
    "criticality": "reject",
    "value": {
      "protocolIEs": [
        {
          "id": 62,
          "criticality": "reject",
          "value": 7
        },
        {
          "id": 3,
          "criticality": "reject",
          "value": {
            "gNB": {
              "global-gNB-ID": {
                "plmn-id": "99f907",
                "gnb-id": {
                  "gnb-ID": {
                    "value": "00000e00",
                    "length": 32
                  }
                }
              },
              "gNB-CU-UP-ID": 3584
            }
          }
        },
        {
          "id": 29,
          "criticality": "reject",
          "value": {
            "ricRequestorID": 1,
            "ricInstanceID": 0
          }
        },
        {
          "id": 5,
          "criticality": "reject",
          "value": 2
        },
        {
          "id": 30,
          "criticality": "reject",
          "value": {
            "ricEventTriggerDefinition": "0803e7",
            "ricAction-ToBeSetup-List": [
              {
                "id": 19,
                "criticality": "reject",
                "value": {
                  "ricActionID": 0,
                  "ricActionType": "report",
                  "ricActionDefinition": "00010480420000003840010004010100000101204452422e50646370536475566f6c756d65444c0120000001204452422e50646370536475566f6c756d65554c012000004003e7"
                }
              }
            ]
          }
        }
      ]
    }
  }
}
[*] Selected fuzzing strategy: asn1
[*] Found 3 potential ASN.1 encoded fields.
[*] ASN.1 fields: [{'path': 'initiatingMessage.value.protocolIEs[1].value.gNB.global-gNB-ID.gnb-id.gnb-ID.value', 'hex': '00000e00'}, {'path': 'initiatingMessage.value.protocolIEs[4].value.ricEventTriggerDefinition', 'hex': '0803e7'}, {'path': 'initiatingMessage.value.protocolIEs[4].value.ricAction-ToBeSetup-List[0].value.ricActionDefinition', 'hex': '00010480420000003840010004010100000101204452422e50646370536475566f6c756d65444c0120000001204452422e50646370536475566f6c756d65554c012000004003e7'}]
[+] Successfully decoded initiatingMessage.value.protocolIEs[4].value.ricAction-ToBeSetup-List[0].value.ricActionDefinition as E2SM-KPM-ActionDefinition
[+] ASN.1 decoded: {'asn1_spec': 'E2SM-KPM', 'definition': 'E2SM-KPM-ActionDefinition', 'decoded': {'ric-Style-Type': 4, 'actionDefinition-formats': ('actionDefinition-Format4', {'matchingUeCondList': [{'testCondInfo': {'testType': ('sNSSAI', 'true'), 'testExpr': 'equal', 'testValue': ('valueOctS', b'\x01')}}], 'subscriptionInfo': {'measInfoList': [{'measType': ('measName', 'DRB.PdcpSduVolumeDL'), 'labelInfoList': [{'measLabel': {'noLabel': 'true'}}]}, {'measType': ('measName', 'DRB.PdcpSduVolumeUL'), 'labelInfoList': [{'measLabel': {'noLabel': 'true'}}]}], 'granulPeriod': 1000}})}}
[DEBUG] Available fields in E2SM-KPM-ActionDefinition: ['ric-Style-Type', 'actionDefinition-formats', 'actionDefinition-Format4', 'matchingUeCondList', 'testCondInfo', 'testType', 'sNSSAI', 'testExpr', 'testValue', 'valueOctS', 'subscriptionInfo', 'measInfoList', 'measType', 'measName', 'labelInfoList', 'measLabel', 'noLabel', 'measType', 'measName', 'labelInfoList', 'measLabel', 'noLabel', 'granulPeriod']
[DEBUG] ASN.1 targeting fields: ['testCondInfo']
[DEBUG] Constraints for testCondInfo: {'_value': 1, 'asn1_type': 'TestCondInfo', 'type_name': 'testCondInfo', 'members': {'testType': {'asn1_type': 'TestCond-Type', 'type_name': 'testType', 'max': 5, 'root_index_to_member': {'0': {'name': 'gBR', 'constraints': {'asn1_type': 'ENUMERATED', 'type_name': 'gBR', 'root_data_to_value': {'true': 0}, 'optional': False, 'default': None, 'tag': [2, 0]}}, '1': {'name': 'aMBR', 'constraints': {'asn1_type': 'ENUMERATED', 'type_name': 'aMBR', 'root_data_to_value': {'true': 0}, 'optional': False, 'default': None, 'tag': [2, 1]}}, '2': {'name': 'isStat', 'constraints': {'asn1_type': 'ENUMERATED', 'type_name': 'isStat', 'root_data_to_value': {'true': 0}, 'optional': False, 'default': None, 'tag': [2, 2]}}, '3': {'name': 'isCatM', 'constraints': {'asn1_type': 'ENUMERATED', 'type_name': 'isCatM', 'root_data_to_value': {'true': 0}, 'optional': False, 'default': None, 'tag': [2, 3]}}, '4': {'name': 'rSRP', 'constraints': {'asn1_type': 'ENUMERATED', 'type_name': 'rSRP', 'root_data_to_value': {'true': 0}, 'optional': False, 'default': None, 'tag': [2, 4]}}, '5': {'name': 'rSRQ', 'constraints': {'asn1_type': 'ENUMERATED', 'type_name': 'rSRQ', 'root_data_to_value': {'true': 0}, 'optional': False, 'default': None, 'tag': [2, 5]}}}, 'root_name_to_index': {'gBR': 0, 'aMBR': 1, 'isStat': 2, 'isCatM': 3, 'rSRP': 4, 'rSRQ': 5}, 'number_of_indefinite_bits': None, 'optional': False, 'default': None, 'tag': [2, 0]}, 'testExpr': {'asn1_type': 'TestCond-Expression', 'type_name': 'testExpr', 'root_data_to_value': {'equal': 0, 'greaterthan': 1, 'lessthan': 2, 'contains': 3, 'present': 4}, 'optional': True, 'default': None, 'tag': [2, 1]}, 'testValue': {'asn1_type': 'TestCond-Value', 'type_name': 'testValue', 'max': 5, 'root_index_to_member': {'0': {'name': 'valueInt', 'constraints': {'asn1_type': 'INTEGER', 'type_name': 'valueInt', 'min': None, 'max': None, 'number_of_bits': None, 'number_of_indefinite_bits': None, 'optional': False, 'default': None, 'tag': [2, 0]}}, '1': {'name': 'valueEnum', 'constraints': {'asn1_type': 'INTEGER', 'type_name': 'valueEnum', 'min': None, 'max': None, 'number_of_bits': None, 'number_of_indefinite_bits': None, 'optional': False, 'default': None, 'tag': [2, 1]}}, '2': {'name': 'valueBool', 'constraints': {'asn1_type': 'BOOLEAN', 'type_name': 'valueBool', 'boolean_values': [True, False], 'optional': False, 'default': None, 'tag': [2, 2]}}, '3': {'name': 'valueBitS', 'constraints': {'asn1_type': 'BIT STRING', 'type_name': 'valueBitS', 'min': None, 'max': None, 'number_of_bits': None, 'optional': False, 'default': None, 'tag': [2, 3]}}, '4': {'name': 'valueOctS', 'constraints': {'asn1_type': 'OCTET STRING', 'type_name': 'valueOctS', 'min': None, 'max': None, 'number_of_bits': None, 'optional': False, 'default': None, 'tag': [2, 4]}}, '5': {'name': 'valuePrtS', 'constraints': {'asn1_type': 'PrintableString', 'type_name': 'valuePrtS', 'min': None, 'max': None, 'alphabet': "ABCDEFGHIJKLMNOPQRSTUVWXYZabcdefghijklmnopqrstuvwxyz0123456789 '()+,-./:=?", 'number_of_bits': None, 'optional': False, 'default': None, 'tag': [2, 5]}}}, 'root_name_to_index': {'valueInt': 0, 'valueEnum': 1, 'valueBool': 2, 'valueBitS': 3, 'valueOctS': 4, 'valuePrtS': 5}, 'number_of_indefinite_bits': None, 'optional': True, 'default': None, 'tag': [2, 2]}}, 'optional': False, 'default': None, 'tag': [2, 0]}
[DEBUG] Generated new value for testCondInfo: None
[*] No mutations applied to this message.
[DEBUG] Overhead: 18.22 ms
--------------------------------------------------
[RX] [xApp <-- RIC]
[DEBUG]Length: 38 bytes
[*] ProcedureCode: 0x8
[DEBUG] Response Type: RICsubscription
[DEBUG] Overhead: 0.25 ms
--------------------------------------------------
[TX] [xApp --> RIC]
[DEBUG]Length: 178 bytes
[*] ProcedureCode: 0xf
[DEBUG] Message Type: E42RICsubscription
[*] ProcedureCode: 0xf
[*] Processing E42RICsubscription message (178 bytes)
Before decoding:
000f0080ad000005003e000200070003000c0299f9075000000e00200e00001d00050000020000000500020002001e00808000030803e7000013007640000072000104806d0000003840010004010100000401004452422e526c6353647544656c6179446c0120000000a04452422e5545546870446c0120000000a04452422e5545546870556c0120000000b05252552e507262546f74446c0120000000b05252552e507262546f74556c012000004003e7
Converted to JSON:
{
  "initiatingMessage": {
    "procedureCode": 15,
    "criticality": "reject",
    "value": {
      "protocolIEs": [
        {
          "id": 62,
          "criticality": "reject",
          "value": 7
        },
        {
          "id": 3,
          "criticality": "reject",
          "value": {
            "gNB": {
              "global-gNB-ID": {
                "plmn-id": "99f907",
                "gnb-id": {
                  "gnb-ID": {
                    "value": "00000e00",
                    "length": 32
                  }
                }
              },
              "gNB-DU-ID": 3584
            }
          }
        },
        {
          "id": 29,
          "criticality": "reject",
          "value": {
            "ricRequestorID": 2,
            "ricInstanceID": 0
          }
        },
        {
          "id": 5,
          "criticality": "reject",
          "value": 2
        },
        {
          "id": 30,
          "criticality": "reject",
          "value": {
            "ricEventTriggerDefinition": "0803e7",
            "ricAction-ToBeSetup-List": [
              {
                "id": 19,
                "criticality": "reject",
                "value": {
                  "ricActionID": 0,
                  "ricActionType": "report",
                  "ricActionDefinition": "000104806d0000003840010004010100000401004452422e526c6353647544656c6179446c0120000000a04452422e5545546870446c0120000000a04452422e5545546870556c0120000000b05252552e507262546f74446c0120000000b05252552e507262546f74556c012000004003e7"
                }
              }
            ]
          }
        }
      ]
    }
  }
}
[*] Selected fuzzing strategy: asn1
[*] Found 3 potential ASN.1 encoded fields.
[*] ASN.1 fields: [{'path': 'initiatingMessage.value.protocolIEs[1].value.gNB.global-gNB-ID.gnb-id.gnb-ID.value', 'hex': '00000e00'}, {'path': 'initiatingMessage.value.protocolIEs[4].value.ricEventTriggerDefinition', 'hex': '0803e7'}, {'path': 'initiatingMessage.value.protocolIEs[4].value.ricAction-ToBeSetup-List[0].value.ricActionDefinition', 'hex': '000104806d0000003840010004010100000401004452422e526c6353647544656c6179446c0120000000a04452422e5545546870446c0120000000a04452422e5545546870556c0120000000b05252552e507262546f74446c0120000000b05252552e507262546f74556c012000004003e7'}]
[+] Successfully decoded initiatingMessage.value.protocolIEs[4].value.ricAction-ToBeSetup-List[0].value.ricActionDefinition as E2SM-KPM-ActionDefinition
[+] ASN.1 decoded: {'asn1_spec': 'E2SM-KPM', 'definition': 'E2SM-KPM-ActionDefinition', 'decoded': {'ric-Style-Type': 4, 'actionDefinition-formats': ('actionDefinition-Format4', {'matchingUeCondList': [{'testCondInfo': {'testType': ('sNSSAI', 'true'), 'testExpr': 'equal', 'testValue': ('valueOctS', b'\x01')}}], 'subscriptionInfo': {'measInfoList': [{'measType': ('measName', 'DRB.RlcSduDelayDl'), 'labelInfoList': [{'measLabel': {'noLabel': 'true'}}]}, {'measType': ('measName', 'DRB.UEThpDl'), 'labelInfoList': [{'measLabel': {'noLabel': 'true'}}]}, {'measType': ('measName', 'DRB.UEThpUl'), 'labelInfoList': [{'measLabel': {'noLabel': 'true'}}]}, {'measType': ('measName', 'RRU.PrbTotDl'), 'labelInfoList': [{'measLabel': {'noLabel': 'true'}}]}, {'measType': ('measName', 'RRU.PrbTotUl'), 'labelInfoList': [{'measLabel': {'noLabel': 'true'}}]}], 'granulPeriod': 1000}})}}
[DEBUG] Available fields in E2SM-KPM-ActionDefinition: ['ric-Style-Type', 'actionDefinition-formats', 'actionDefinition-Format4', 'matchingUeCondList', 'testCondInfo', 'testType', 'sNSSAI', 'testExpr', 'testValue', 'valueOctS', 'subscriptionInfo', 'measInfoList', 'measType', 'measName', 'labelInfoList', 'measLabel', 'noLabel', 'measType', 'measName', 'labelInfoList', 'measLabel', 'noLabel', 'measType', 'measName', 'labelInfoList', 'measLabel', 'noLabel', 'measType', 'measName', 'labelInfoList', 'measLabel', 'noLabel', 'measType', 'measName', 'labelInfoList', 'measLabel', 'noLabel', 'granulPeriod']
[DEBUG] ASN.1 targeting fields: ['labelInfoList']
[DEBUG] Constraints for labelInfoList: {'asn1_type': 'LabelInfoList', 'type_name': 'labelInfoList', 'min': 1, 'max': 2147483647, 'number_of_bits': None, 'optional': False, 'default': None, 'tag': [2, 1]}
[DEBUG] Generated new value for labelInfoList: 1308676851
[+] Mutated field 'labelInfoList' to 1308676851 in E2SM-KPM-ActionDefinition
[!] Error re-encoding ASN.1: encode() argument 'errors' must be str, not dict
[*] No mutations applied to this message.
[DEBUG] Overhead: 18.31 ms
--------------------------------------------------
[RX] [xApp <-- RIC]
[DEBUG]Length: 38 bytes
[*] ProcedureCode: 0x8
[DEBUG] Response Type: RICsubscription
[DEBUG] Overhead: 0.19 ms
--------------------------------------------------
[TX] [xApp --> RIC]
[DEBUG]Length: 28 bytes
[*] ProcedureCode: 0x10
[DEBUG] Message Type: E42RICsubscriptionDelete
[*] ProcedureCode: 0x10
[*] Processing E42RICsubscriptionDelete message (28 bytes)
Before decoding:
00100018000003003e00020007001d00050000010000000500020002
Converted to JSON:
{
  "initiatingMessage": {
    "procedureCode": 16,
    "criticality": "reject",
    "value": {
      "protocolIEs": [
        {
          "id": 62,
          "criticality": "reject",
          "value": 7
        },
        {
          "id": 29,
          "criticality": "reject",
          "value": {
            "ricRequestorID": 1,
            "ricInstanceID": 0
          }
        },
        {
          "id": 5,
          "criticality": "reject",
          "value": 2
        }
      ]
    }
  }
}
[*] Selected fuzzing strategy: json
[DEBUG] Selected JSON fields to mutate: ['criticality', 'criticality']
[DEBUG] Generated new value for criticality: ignore
[+] Mutated initiatingMessage.value.protocolIEs[1].criticality: reject -> ignore
[DEBUG] Generated new value for criticality: ignore
[+] Mutated initiatingMessage.value.protocolIEs[0].criticality: reject -> ignore
[*] Successfully mutated 2 JSON fields
[+] Successfully fuzzed message (28 bytes)
[+] Encoded again:
00100018000003003e40020007001d40050000010000000500020002
[DEBUG] Overhead: 35.19 ms
--------------------------------------------------
[RX] [xApp <-- RIC]
[DEBUG]Length: 0 bytes
[DEBUG] Response Type: None
[*] Cleaning up xApp connection.
[*] Waiting for new xApp connection...

