==================================================
            SCTP MITM Proxy - Starting   
==================================================
[+] Created capture files folder: /media/p3rplex/data6/Backup_ubuntu22/oran-orchestration/asn1/captures_bridge
[+] Created state machines folder: /media/p3rplex/data6/Backup_ubuntu22/oran-orchestration/asn1/state_machines
[+] Created state machines diff folder: /media/p3rplex/data6/Backup_ubuntu22/oran-orchestration/asn1/state_machines_diff
[+] Started tshark capture
Capturing on '5g-oran'
32 [+] Connected to RIC at 192.168.71.184:36422
[*] Listening for xApp on 192.168.71.129:36422...
[*] Fuzzing enabled: True (Probability: 20.0%)
[*] Waiting for new xApp connection...
197 [+] Accepted xApp connection from ('192.168.71.185', 52631)
[TX] [xApp --> RIC]
[DEBUG]Length: 492 bytes
[*] ProcedureCode: 0xe
[DEBUG] Message Type: E42setup
[DEBUG] Overhead: 0.31 ms
--------------------------------------------------
[RX] [xApp <-- RIC]
[DEBUG]Length: 2389 bytes
[*] ProcedureCode: 0xe
[DEBUG] Response Type: E42setup
[DEBUG] Overhead: 0.58 ms
--------------------------------------------------
212 [TX] [xApp --> RIC]
[DEBUG]Length: 134 bytes
[*] ProcedureCode: 0xf
[DEBUG] Message Type: E42RICsubscription
[*] ProcedureCode: 0xf
[*] Processing E42RICsubscription message (134 bytes)
Before decoding:
000f008081000005003e000200070003000c0499f9075000000e00200e00001d00050000010000000500020002001e005500030803e7000013004b4000004700010480420000003840010004010100000101204452422e50646370536475566f6c756d65444c0120000001204452422e50646370536475566f6c756d65554c012000004003e7
Converted to JSON:
{
  "initiatingMessage": {
    "procedureCode": 15,
    "criticality": "reject",
    "value": {
      "protocolIEs": [
        {
          "id": 62,
          "criticality": "reject",
          "value": 7
        },
        {
          "id": 3,
          "criticality": "reject",
          "value": {
            "gNB": {
              "global-gNB-ID": {
                "plmn-id": "99f907",
                "gnb-id": {
                  "gnb-ID": {
                    "value": "00000e00",
                    "length": 32
                  }
                }
              },
              "gNB-CU-UP-ID": 3584
            }
          }
        },
        {
          "id": 29,
          "criticality": "reject",
          "value": {
            "ricRequestorID": 1,
            "ricInstanceID": 0
          }
        },
        {
          "id": 5,
          "criticality": "reject",
          "value": 2
        },
        {
          "id": 30,
          "criticality": "reject",
          "value": {
            "ricEventTriggerDefinition": "0803e7",
            "ricAction-ToBeSetup-List": [
              {
                "id": 19,
                "criticality": "reject",
                "value": {
                  "ricActionID": 0,
                  "ricActionType": "report",
                  "ricActionDefinition": "00010480420000003840010004010100000101204452422e50646370536475566f6c756d65444c0120000001204452422e50646370536475566f6c756d65554c012000004003e7"
                }
              }
            ]
          }
        }
      ]
    }
  }
}
[*] Selected fuzzing strategy: asn1
[*] Found 3 potential ASN.1 encoded fields.
[*] ASN.1 fields: [{'path': 'initiatingMessage.value.protocolIEs[1].value.gNB.global-gNB-ID.gnb-id.gnb-ID.value', 'hex': '00000e00'}, {'path': 'initiatingMessage.value.protocolIEs[4].value.ricEventTriggerDefinition', 'hex': '0803e7'}, {'path': 'initiatingMessage.value.protocolIEs[4].value.ricAction-ToBeSetup-List[0].value.ricActionDefinition', 'hex': '00010480420000003840010004010100000101204452422e50646370536475566f6c756d65444c0120000001204452422e50646370536475566f6c756d65554c012000004003e7'}]
[*] Attempting to decode ASN.1 content for E2SM-KPM with hex: 00010480420000003840010004010100000101204452422e50646370536475566f6c756d65444c0120000001204452422e50646370536475566f6c756d65554c012000004003e7
[+] Successfully decoded initiatingMessage.value.protocolIEs[4].value.ricAction-ToBeSetup-List[0].value.ricActionDefinition as E2SM-KPM-ActionDefinition
[+] ASN.1 decoded: {'asn1_spec': <asn1tools.compiler.Specification object at 0x76bca32a9580>, 'asn1_name': 'E2SM-KPM', 'definition': 'E2SM-KPM-ActionDefinition', 'decoded': {'ric-Style-Type': 4, 'actionDefinition-formats': ('actionDefinition-Format4', {'matchingUeCondList': [{'testCondInfo': {'testType': ('sNSSAI', 'true'), 'testExpr': 'equal', 'testValue': ('valueOctS', b'\x01')}}], 'subscriptionInfo': {'measInfoList': [{'measType': ('measName', 'DRB.PdcpSduVolumeDL'), 'labelInfoList': [{'measLabel': {'noLabel': 'true'}}]}, {'measType': ('measName', 'DRB.PdcpSduVolumeUL'), 'labelInfoList': [{'measLabel': {'noLabel': 'true'}}]}], 'granulPeriod': 1000}})}}
[DEBUG] Available fields in E2SM-KPM-ActionDefinition: ['ric-Style-Type', 'actionDefinition-formats', 'actionDefinition-Format4', 'matchingUeCondList', 'testCondInfo', 'testType', 'sNSSAI', 'testExpr', 'testValue', 'valueOctS', 'subscriptionInfo', 'measInfoList', 'measType', 'measName', 'labelInfoList', 'measLabel', 'noLabel', 'measType', 'measName', 'labelInfoList', 'measLabel', 'noLabel', 'granulPeriod']
[DEBUG] ASN.1 targeting fields: ['testExpr']
213 [DEBUG] Constraints for testExpr: {'asn1_type': 'TestCond-Expression', 'type_name': 'testExpr', 'root_data_to_value': {'equal': 0, 'greaterthan': 1, 'lessthan': 2, 'contains': 3, 'present': 4}, 'optional': True, 'default': None, 'tag': [2, 1]}
[!] Received field_name as a dictionary, using its keys directly.
Received constraint: {'asn1_type': 'TestCond-Expression', 'type_name': 'testExpr', 'root_data_to_value': {'equal': 0, 'greaterthan': 1, 'lessthan': 2, 'contains': 3, 'present': 4}, 'optional': True, 'default': None, 'tag': [2, 1]}
Enumerated constraint with root_data_to_value: ['equal', 'greaterthan', 'lessthan', 'contains', 'present']
Chosen enumerated value: equal
[DEBUG] Generated new value for testExpr: equal
[+] Mutated field 'testExpr' to equal in E2SM-KPM-ActionDefinition
[DEBUG] ASN.1 content after mutation: {'ric-Style-Type': 4, 'actionDefinition-formats': ('actionDefinition-Format4', {'matchingUeCondList': [{'testCondInfo': {'testType': ('sNSSAI', 'true'), 'testExpr': 'equal', 'testValue': ('valueOctS', b'\x01')}}], 'subscriptionInfo': {'measInfoList': [{'measType': ('measName', 'DRB.PdcpSduVolumeDL'), 'labelInfoList': [{'measLabel': {'noLabel': 'true'}}]}, {'measType': ('measName', 'DRB.PdcpSduVolumeUL'), 'labelInfoList': [{'measLabel': {'noLabel': 'true'}}]}], 'granulPeriod': 1000}})}
[DEBUG] Mutated fields: ['testExpr']
[+] Successfully re-encoded and updated initiatingMessage.value.protocolIEs[4].value.ricAction-ToBeSetup-List[0].value.ricActionDefinition
[+] Successfully fuzzed message (134 bytes)
[+] Encoded again:
000f008081000005003e000200070003000c0499f9075000000e00200e00001d00050000010000000500020002001e005500030803e7000013004b4000004700010480420000003840010004010100000101204452422e50646370536475566f6c756d65444c0120000001204452422e50646370536475566f6c756d65554c012000004003e7
[DEBUG] Overhead: 28.63 ms
--------------------------------------------------
[RX] [xApp <-- RIC]
[DEBUG]Length: 38 bytes
[*] ProcedureCode: 0x8
[DEBUG] Response Type: RICsubscription
[DEBUG] Overhead: 0.38 ms
--------------------------------------------------
[TX] [xApp --> RIC]
[DEBUG]Length: 178 bytes
[*] ProcedureCode: 0xf
[DEBUG] Message Type: E42RICsubscription
[*] ProcedureCode: 0xf
[*] Processing E42RICsubscription message (178 bytes)
Before decoding:
000f0080ad000005003e000200070003000c0299f9075000000e00200e00001d00050000020000000500020002001e00808000030803e7000013007640000072000104806d0000003840010004010100000401004452422e526c6353647544656c6179446c0120000000a04452422e5545546870446c0120000000a04452422e5545546870556c0120000000b05252552e507262546f74446c0120000000b05252552e507262546f74556c012000004003e7
Converted to JSON:
{
  "initiatingMessage": {
    "procedureCode": 15,
    "criticality": "reject",
    "value": {
      "protocolIEs": [
        {
          "id": 62,
          "criticality": "reject",
          "value": 7
        },
        {
          "id": 3,
          "criticality": "reject",
          "value": {
            "gNB": {
              "global-gNB-ID": {
                "plmn-id": "99f907",
                "gnb-id": {
                  "gnb-ID": {
                    "value": "00000e00",
                    "length": 32
                  }
                }
              },
              "gNB-DU-ID": 3584
            }
          }
        },
        {
          "id": 29,
          "criticality": "reject",
          "value": {
            "ricRequestorID": 2,
            "ricInstanceID": 0
          }
        },
        {
          "id": 5,
          "criticality": "reject",
          "value": 2
        },
        {
          "id": 30,
          "criticality": "reject",
          "value": {
            "ricEventTriggerDefinition": "0803e7",
            "ricAction-ToBeSetup-List": [
              {
                "id": 19,
                "criticality": "reject",
                "value": {
                  "ricActionID": 0,
                  "ricActionType": "report",
                  "ricActionDefinition": "000104806d0000003840010004010100000401004452422e526c6353647544656c6179446c0120000000a04452422e5545546870446c0120000000a04452422e5545546870556c0120000000b05252552e507262546f74446c0120000000b05252552e507262546f74556c012000004003e7"
                }
              }
            ]
          }
        }
      ]
    }
  }
}
[*] Selected fuzzing strategy: asn1
[*] Found 3 potential ASN.1 encoded fields.
[*] ASN.1 fields: [{'path': 'initiatingMessage.value.protocolIEs[1].value.gNB.global-gNB-ID.gnb-id.gnb-ID.value', 'hex': '00000e00'}, {'path': 'initiatingMessage.value.protocolIEs[4].value.ricEventTriggerDefinition', 'hex': '0803e7'}, {'path': 'initiatingMessage.value.protocolIEs[4].value.ricAction-ToBeSetup-List[0].value.ricActionDefinition', 'hex': '000104806d0000003840010004010100000401004452422e526c6353647544656c6179446c0120000000a04452422e5545546870446c0120000000a04452422e5545546870556c0120000000b05252552e507262546f74446c0120000000b05252552e507262546f74556c012000004003e7'}]
[*] Attempting to decode ASN.1 content for E2SM-KPM with hex: 000104806d0000003840010004010100000401004452422e526c6353647544656c6179446c0120000000a04452422e5545546870446c0120000000a04452422e5545546870556c0120000000b05252552e507262546f74446c0120000000b05252552e507262546f74556c012000004003e7
[+] Successfully decoded initiatingMessage.value.protocolIEs[4].value.ricAction-ToBeSetup-List[0].value.ricActionDefinition as E2SM-KPM-ActionDefinition
[+] ASN.1 decoded: {'asn1_spec': <asn1tools.compiler.Specification object at 0x76bca32a9580>, 'asn1_name': 'E2SM-KPM', 'definition': 'E2SM-KPM-ActionDefinition', 'decoded': {'ric-Style-Type': 4, 'actionDefinition-formats': ('actionDefinition-Format4', {'matchingUeCondList': [{'testCondInfo': {'testType': ('sNSSAI', 'true'), 'testExpr': 'equal', 'testValue': ('valueOctS', b'\x01')}}], 'subscriptionInfo': {'measInfoList': [{'measType': ('measName', 'DRB.RlcSduDelayDl'), 'labelInfoList': [{'measLabel': {'noLabel': 'true'}}]}, {'measType': ('measName', 'DRB.UEThpDl'), 'labelInfoList': [{'measLabel': {'noLabel': 'true'}}]}, {'measType': ('measName', 'DRB.UEThpUl'), 'labelInfoList': [{'measLabel': {'noLabel': 'true'}}]}, {'measType': ('measName', 'RRU.PrbTotDl'), 'labelInfoList': [{'measLabel': {'noLabel': 'true'}}]}, {'measType': ('measName', 'RRU.PrbTotUl'), 'labelInfoList': [{'measLabel': {'noLabel': 'true'}}]}], 'granulPeriod': 1000}})}}
[DEBUG] Available fields in E2SM-KPM-ActionDefinition: ['ric-Style-Type', 'actionDefinition-formats', 'actionDefinition-Format4', 'matchingUeCondList', 'testCondInfo', 'testType', 'sNSSAI', 'testExpr', 'testValue', 'valueOctS', 'subscriptionInfo', 'measInfoList', 'measType', 'measName', 'labelInfoList', 'measLabel', 'noLabel', 'measType', 'measName', 'labelInfoList', 'measLabel', 'noLabel', 'measType', 'measName', 'labelInfoList', 'measLabel', 'noLabel', 'measType', 'measName', 'labelInfoList', 'measLabel', 'noLabel', 'measType', 'measName', 'labelInfoList', 'measLabel', 'noLabel', 'granulPeriod']
[DEBUG] ASN.1 targeting fields: ['testExpr']
[DEBUG] Constraints for testExpr: {'asn1_type': 'TestCond-Expression', 'type_name': 'testExpr', 'root_data_to_value': {'equal': 0, 'greaterthan': 1, 'lessthan': 2, 'contains': 3, 'present': 4}, 'optional': True, 'default': None, 'tag': [2, 1]}
[!] Received field_name as a dictionary, using its keys directly.
Received constraint: {'asn1_type': 'TestCond-Expression', 'type_name': 'testExpr', 'root_data_to_value': {'equal': 0, 'greaterthan': 1, 'lessthan': 2, 'contains': 3, 'present': 4}, 'optional': True, 'default': None, 'tag': [2, 1]}
Enumerated constraint with root_data_to_value: ['equal', 'greaterthan', 'lessthan', 'contains', 'present']
Chosen enumerated value: present
[DEBUG] Generated new value for testExpr: present
[+] Mutated field 'testExpr' to present in E2SM-KPM-ActionDefinition
[DEBUG] ASN.1 content after mutation: {'ric-Style-Type': 4, 'actionDefinition-formats': ('actionDefinition-Format4', {'matchingUeCondList': [{'testCondInfo': {'testType': ('sNSSAI', 'true'), 'testExpr': 'present', 'testValue': ('valueOctS', b'\x01')}}], 'subscriptionInfo': {'measInfoList': [{'measType': ('measName', 'DRB.RlcSduDelayDl'), 'labelInfoList': [{'measLabel': {'noLabel': 'true'}}]}, {'measType': ('measName', 'DRB.UEThpDl'), 'labelInfoList': [{'measLabel': {'noLabel': 'true'}}]}, {'measType': ('measName', 'DRB.UEThpUl'), 'labelInfoList': [{'measLabel': {'noLabel': 'true'}}]}, {'measType': ('measName', 'RRU.PrbTotDl'), 'labelInfoList': [{'measLabel': {'noLabel': 'true'}}]}, {'measType': ('measName', 'RRU.PrbTotUl'), 'labelInfoList': [{'measLabel': {'noLabel': 'true'}}]}], 'granulPeriod': 1000}})}
[DEBUG] Mutated fields: ['testExpr']
[+] Successfully re-encoded and updated initiatingMessage.value.protocolIEs[4].value.ricAction-ToBeSetup-List[0].value.ricActionDefinition
[+] Successfully fuzzed message (178 bytes)
[+] Encoded again:
000f0080ad000005003e000200070003000c0299f9075000000e00200e00001d00050000020000000500020002001e00808000030803e7000013007640000072000104806d0000003840010044010100000401004452422e526c6353647544656c6179446c0120000000a04452422e5545546870446c0120000000a04452422e5545546870556c0120000000b05252552e507262546f74446c0120000000b05252552e507262546f74556c012000004003e7
[DEBUG] Overhead: 25.24 ms
--------------------------------------------------
[RX] [xApp <-- RIC]
[DEBUG]Length: 38 bytes
[*] ProcedureCode: 0x8
[DEBUG] Response Type: RICsubscription
[DEBUG] Overhead: 0.36 ms
--------------------------------------------------
229 [RX] [xApp <-- RIC]
[DEBUG]Length: 218 bytes
[*] ProcedureCode: 0x5
[DEBUG] Response Type: RICindication
[DEBUG] Overhead: 0.29 ms
--------------------------------------------------
273 [TX] [xApp --> RIC]
[DEBUG]Length: 28 bytes
[*] ProcedureCode: 0x10
[DEBUG] Message Type: E42RICsubscriptionDelete
[*] ProcedureCode: 0x10
[*] Processing E42RICsubscriptionDelete message (28 bytes)
Before decoding:
00100018000003003e00020007001d00050000010000000500020002
Converted to JSON:
{
  "initiatingMessage": {
    "procedureCode": 16,
    "criticality": "reject",
    "value": {
      "protocolIEs": [
        {
          "id": 62,
          "criticality": "reject",
          "value": 7
        },
        {
          "id": 29,
          "criticality": "reject",
          "value": {
            "ricRequestorID": 1,
            "ricInstanceID": 0
          }
        },
        {
          "id": 5,
          "criticality": "reject",
          "value": 2
        }
      ]
    }
  }
}
[*] Selected fuzzing strategy: asn1
[*] Found 0 potential ASN.1 encoded fields.
[*] ASN.1 fields: []
[!] No potential ASN.1 encoded fields found.
[*] No mutations applied to this message.
[DEBUG] Overhead: 2.90 ms
--------------------------------------------------
[RX] [xApp <-- RIC]
[DEBUG]Length: 22 bytes
[*] ProcedureCode: 0x9
[DEBUG] Response Type: RICsubscriptionDelete
[DEBUG] Overhead: 0.17 ms
--------------------------------------------------
[TX] [xApp --> RIC]
[DEBUG]Length: 28 bytes
[*] ProcedureCode: 0x10
[DEBUG] Message Type: E42RICsubscriptionDelete
[*] ProcedureCode: 0x10
[*] Processing E42RICsubscriptionDelete message (28 bytes)
Before decoding:
00100018000003003e00020007001d00050000020000000500020002
Converted to JSON:
{
  "initiatingMessage": {
    "procedureCode": 16,
    "criticality": "reject",
    "value": {
      "protocolIEs": [
        {
          "id": 62,
          "criticality": "reject",
          "value": 7
        },
        {
          "id": 29,
          "criticality": "reject",
          "value": {
            "ricRequestorID": 2,
            "ricInstanceID": 0
          }
        },
        {
          "id": 5,
          "criticality": "reject",
          "value": 2
        }
      ]
    }
  }
}
[*] Selected fuzzing strategy: asn1
[*] Found 0 potential ASN.1 encoded fields.
[*] ASN.1 fields: []
[!] No potential ASN.1 encoded fields found.
[*] No mutations applied to this message.
[DEBUG] Overhead: 2.49 ms
--------------------------------------------------
[RX] [xApp <-- RIC]
[DEBUG]Length: 0 bytes
[DEBUG] Response Type: None
[*] Cleaning up xApp connection.

[+] Stopped tshark capture
[*] Session ended. Analyzing captured data...
[*] Generating state machine
[*] Command: ./bin/wdmapper --udp-dst-port=36421,38412,9999,38472,38412,36422 -i /media/p3rplex/data6/Backup_ubuntu22/oran-orchestration/asn1/captures_bridge/session_2025-06-02_15-36-03.pcapng -c ./configs/5gnr_gnb_config.json -o /media/p3rplex/data6/Backup_ubuntu22/oran-orchestration/asn1/state_machines/wdmapper_tmp_2025-06-02_15-36-03.svg
[+] State machine generated successfully.
[*] Generating diff between current session and baseline Model
[*] Running wdmapper diff command with baseline State Machine...
[+] Diff generated successfully.
==================================================
            Cost Function Summary            
==================================================
[DEBUG] Added states: 20
[DEBUG] Removed states: 1
[DEBUG] State changes: 21
[DEBUG] Number of mutated fields: 1
[COST] Session cost: 210.53
[COST] State changes: 21
[COST] Transitions: 28
==================================================
