==================================================
            SCTP MITM Proxy - Starting   
==================================================
[+] Connected to RIC at 192.168.71.184:36422
[*] Listening for xApp on 192.168.71.129:36422...
[*] Waiting for new xApp connection...
[+] Accepted xApp connection from ('192.168.71.185', 57293)
[TX] [xApp --> RIC]
[DEBUG]Length: 492 bytes
[*] ProcedureCode: 0xe
[DEBUG] Message Type: E42setup
[DEBUG] Overhead: 0.31 ms
--------------------------------------------------
[RX] [xApp <-- RIC]
[DEBUG]Length: 2389 bytes
[*] ProcedureCode: 0xe
[DEBUG] Response Type: E42setup
[DEBUG] Overhead: 0.42 ms
--------------------------------------------------
[TX] [xApp --> RIC]
[DEBUG]Length: 134 bytes
[*] ProcedureCode: 0xf
[DEBUG] Message Type: E42RICsubscription
Before decoding:
000f008081000005003e000200070003000c0499f9075000000e00200e00001d00050000010000000500020002001e005500030803e7000013004b4000004700010480420000003840010004010100000101204452422e50646370536475566f6c756d65444c0120000001204452422e50646370536475566f6c756d65554c012000004003e7
Converted to JSON:
{
  "initiatingMessage": {
    "procedureCode": 15,
    "criticality": "reject",
    "value": {
      "protocolIEs": [
        {
          "id": 62,
          "criticality": "reject",
          "value": 7
        },
        {
          "id": 3,
          "criticality": "reject",
          "value": {
            "gNB": {
              "global-gNB-ID": {
                "plmn-id": "99f907",
                "gnb-id": {
                  "gnb-ID": {
                    "value": "00000e00",
                    "length": 32
                  }
                }
              },
              "gNB-CU-UP-ID": 3584
            }
          }
        },
        {
          "id": 29,
          "criticality": "reject",
          "value": {
            "ricRequestorID": 1,
            "ricInstanceID": 0
          }
        },
        {
          "id": 5,
          "criticality": "reject",
          "value": 2
        },
        {
          "id": 30,
          "criticality": "reject",
          "value": {
            "ricEventTriggerDefinition": "0803e7",
            "ricAction-ToBeSetup-List": [
              {
                "id": 19,
                "criticality": "reject",
                "value": {
                  "ricActionID": 0,
                  "ricActionType": "report",
                  "ricActionDefinition": "00010480420000003840010004010100000101204452422e50646370536475566f6c756d65444c0120000001204452422e50646370536475566f6c756d65554c012000004003e7"
                }
              }
            ]
          }
        }
      ]
    }
  }
}
Decoded definition: E2SM-KPM-ActionDefinition
[+] Mutating measName tuple: DRB.PdcpSduVolumeUL -> /3yFj47YOaHrOWeCnXXPQ.gl
Mutated Message:
{
  "initiatingMessage": {
    "procedureCode": 15,
    "criticality": "reject",
    "value": {
      "protocolIEs": [
        {
          "id": 62,
          "criticality": "reject",
          "value": 7
        },
        {
          "id": 3,
          "criticality": "reject",
          "value": {
            "gNB": {
              "global-gNB-ID": {
                "plmn-id": "99f907",
                "gnb-id": {
                  "gnb-ID": {
                    "value": "00000e00",
                    "length": 32
                  }
                }
              },
              "gNB-CU-UP-ID": 3584
            }
          }
        },
        {
          "id": 29,
          "criticality": "reject",
          "value": {
            "ricRequestorID": 1,
            "ricInstanceID": 0
          }
        },
        {
          "id": 5,
          "criticality": "reject",
          "value": 2
        },
        {
          "id": 30,
          "criticality": "reject",
          "value": {
            "ricEventTriggerDefinition": "0803e7",
            "ricAction-ToBeSetup-List": [
              {
                "id": 19,
                "criticality": "reject",
                "value": {
                  "ricActionID": 0,
                  "ricActionType": "report",
                  "ricActionDefinition": "00010480470000003840010004010100000101204452422e50646370536475566f6c756d65444c0120000001702f3379466a3437594f6148724f5765436e585850512e676c012000004003e7"
                }
              }
            ]
          }
        }
      ]
    }
  }
}
[+] Encoded again:
000f008086000005003e000200070003000c0499f9075000000e00200e00001d00050000010000000500020002001e005a00030803e700001300504000004c00010480470000003840010004010100000101204452422e50646370536475566f6c756d65444c0120000001702f3379466a3437594f6148724f5765436e585850512e676c012000004003e7
[+] Modified message (139 bytes)
[DEBUG] Overhead: 12.76 ms
--------------------------------------------------
[RX] [xApp <-- RIC]
[DEBUG]Length: 38 bytes
[*] ProcedureCode: 0x8
[DEBUG] Response Type: RICsubscription
[DEBUG] Overhead: 0.24 ms
--------------------------------------------------
[TX] [xApp --> RIC]
[DEBUG]Length: 178 bytes
[*] ProcedureCode: 0xf
[DEBUG] Message Type: E42RICsubscription
Before decoding:
000f0080ad000005003e000200070003000c0299f9075000000e00200e00001d00050000020000000500020002001e00808000030803e7000013007640000072000104806d0000003840010004010100000401004452422e526c6353647544656c6179446c0120000000a04452422e5545546870446c0120000000a04452422e5545546870556c0120000000b05252552e507262546f74446c0120000000b05252552e507262546f74556c012000004003e7
Converted to JSON:
{
  "initiatingMessage": {
    "procedureCode": 15,
    "criticality": "reject",
    "value": {
      "protocolIEs": [
        {
          "id": 62,
          "criticality": "reject",
          "value": 7
        },
        {
          "id": 3,
          "criticality": "reject",
          "value": {
            "gNB": {
              "global-gNB-ID": {
                "plmn-id": "99f907",
                "gnb-id": {
                  "gnb-ID": {
                    "value": "00000e00",
                    "length": 32
                  }
                }
              },
              "gNB-DU-ID": 3584
            }
          }
        },
        {
          "id": 29,
          "criticality": "reject",
          "value": {
            "ricRequestorID": 2,
            "ricInstanceID": 0
          }
        },
        {
          "id": 5,
          "criticality": "reject",
          "value": 2
        },
        {
          "id": 30,
          "criticality": "reject",
          "value": {
            "ricEventTriggerDefinition": "0803e7",
            "ricAction-ToBeSetup-List": [
              {
                "id": 19,
                "criticality": "reject",
                "value": {
                  "ricActionID": 0,
                  "ricActionType": "report",
                  "ricActionDefinition": "000104806d0000003840010004010100000401004452422e526c6353647544656c6179446c0120000000a04452422e5545546870446c0120000000a04452422e5545546870556c0120000000b05252552e507262546f74446c0120000000b05252552e507262546f74556c012000004003e7"
                }
              }
            ]
          }
        }
      ]
    }
  }
}
Decoded definition: E2SM-KPM-ActionDefinition
[+] Mutating measName tuple: RRU.PrbTotUl -> 22
Mutated Message:
{
  "initiatingMessage": {
    "procedureCode": 15,
    "criticality": "reject",
    "value": {
      "protocolIEs": [
        {
          "id": 62,
          "criticality": "reject",
          "value": 7
        },
        {
          "id": 3,
          "criticality": "reject",
          "value": {
            "gNB": {
              "global-gNB-ID": {
                "plmn-id": "99f907",
                "gnb-id": {
                  "gnb-ID": {
                    "value": "00000e00",
                    "length": 32
                  }
                }
              },
              "gNB-DU-ID": 3584
            }
          }
        },
        {
          "id": 29,
          "criticality": "reject",
          "value": {
            "ricRequestorID": 2,
            "ricInstanceID": 0
          }
        },
        {
          "id": 5,
          "criticality": "reject",
          "value": 2
        },
        {
          "id": 30,
          "criticality": "reject",
          "value": {
            "ricEventTriggerDefinition": "0803e7",
            "ricAction-ToBeSetup-List": [
              {
                "id": 19,
                "criticality": "reject",
                "value": {
                  "ricActionID": 0,
                  "ricActionType": "report",
                  "ricActionDefinition": "000104806d0000003840010004010100000401004452422e526c6353647544656c6179446c0120000000a04452422e5545546870446c0120000000a04452422e5545546870556c0120000000b05252552e507262546f74446c0120000000b05252552e507262546f74556c012000004003e7"
                }
              }
            ]
          }
        }
      ]
    }
  }
}
[+] Encoded again:
000f0080ad000005003e000200070003000c0299f9075000000e00200e00001d00050000020000000500020002001e00808000030803e7000013007640000072000104806d0000003840010004010100000401004452422e526c6353647544656c6179446c0120000000a04452422e5545546870446c0120000000a04452422e5545546870556c0120000000b05252552e507262546f74446c0120000000b05252552e507262546f74556c012000004003e7
[+] Modified message (178 bytes)
[DEBUG] Overhead: 11.98 ms
--------------------------------------------------
[RX] [xApp <-- RIC]
[DEBUG]Length: 38 bytes
[*] ProcedureCode: 0x8
[DEBUG] Response Type: RICsubscription
[DEBUG] Overhead: 0.27 ms
--------------------------------------------------
[RX] [xApp <-- RIC]
[DEBUG]Length: 354 bytes
[*] ProcedureCode: 0x5
[DEBUG] Response Type: RICindication
[DEBUG] Overhead: 0.54 ms
--------------------------------------------------
[TX] [xApp --> RIC]
[DEBUG]Length: 28 bytes
[*] ProcedureCode: 0x10
[DEBUG] Message Type: E42RICsubscriptionDelete
Before decoding:
00100018000003003e00020007001d00050000010000000500020002
Converted to JSON:
{
  "initiatingMessage": {
    "procedureCode": 16,
    "criticality": "reject",
    "value": {
      "protocolIEs": [
        {
          "id": 62,
          "criticality": "reject",
          "value": 7
        },
        {
          "id": 29,
          "criticality": "reject",
          "value": {
            "ricRequestorID": 1,
            "ricInstanceID": 0
          }
        },
        {
          "id": 5,
          "criticality": "reject",
          "value": 2
        }
      ]
    }
  }
}
Mutated Message:
{
  "initiatingMessage": {
    "procedureCode": 16,
    "criticality": "reject",
    "value": {
      "protocolIEs": [
        {
          "id": 62,
          "criticality": "reject",
          "value": 7
        },
        {
          "id": 29,
          "criticality": "reject",
          "value": {
            "ricRequestorID": 1,
            "ricInstanceID": 0
          }
        },
        {
          "id": 5,
          "criticality": "reject",
          "value": 2
        }
      ]
    }
  }
}
[+] Encoded again:
00100018000003003e00020007001d00050000010000000500020002
[+] Modified message (28 bytes)
[DEBUG] Overhead: 7.96 ms
--------------------------------------------------
[RX] [xApp <-- RIC]
[DEBUG]Length: 22 bytes
[*] ProcedureCode: 0x9
[DEBUG] Response Type: RICsubscriptionDelete
[DEBUG] Overhead: 0.27 ms
--------------------------------------------------
[TX] [xApp --> RIC]
[DEBUG]Length: 28 bytes
[*] ProcedureCode: 0x10
[DEBUG] Message Type: E42RICsubscriptionDelete
Before decoding:
00100018000003003e00020007001d00050000020000000500020002
Converted to JSON:
{
  "initiatingMessage": {
    "procedureCode": 16,
    "criticality": "reject",
    "value": {
      "protocolIEs": [
        {
          "id": 62,
          "criticality": "reject",
          "value": 7
        },
        {
          "id": 29,
          "criticality": "reject",
          "value": {
            "ricRequestorID": 2,
            "ricInstanceID": 0
          }
        },
        {
          "id": 5,
          "criticality": "reject",
          "value": 2
        }
      ]
    }
  }
}
Mutated Message:
{
  "initiatingMessage": {
    "procedureCode": 16,
    "criticality": "reject",
    "value": {
      "protocolIEs": [
        {
          "id": 62,
          "criticality": "reject",
          "value": 7
        },
        {
          "id": 29,
          "criticality": "reject",
          "value": {
            "ricRequestorID": 2,
            "ricInstanceID": 0
          }
        },
        {
          "id": 5,
          "criticality": "reject",
          "value": 2
        }
      ]
    }
  }
}
[+] Encoded again:
00100018000003003e00020007001d00050000020000000500020002
[+] Modified message (28 bytes)
[DEBUG] Overhead: 44.95 ms
--------------------------------------------------
[RX] [xApp <-- RIC]
[DEBUG]Length: 22 bytes
[*] ProcedureCode: 0x9
[DEBUG] Response Type: RICsubscriptionDelete
[DEBUG] Overhead: 0.18 ms
--------------------------------------------------
[RX] [xApp <-- RIC]
[DEBUG]Length: 0 bytes
b''
[DEBUG] Response Type: None
[*] Cleaning up xApp connection.
[*] Waiting for new xApp connection...
