==================================================
            SCTP MITM Proxy - Starting   
==================================================
[+] Connected to RIC at 192.168.71.184:36422
[*] Listening for xApp on 192.168.71.129:36422...
[*] Fuzzing enabled: True (Probability: 70.0%)
[*] Waiting for new xApp connection...
[+] Accepted xApp connection from ('192.168.71.185', 40391)
[TX] [xApp --> RIC]
[DEBUG]Length: 492 bytes
[*] ProcedureCode: 0xe
[DEBUG] Message Type: E42setup
[DEBUG] Overhead: 0.27 ms
--------------------------------------------------
[RX] [xApp <-- RIC]
[DEBUG]Length: 2389 bytes
[*] ProcedureCode: 0xe
[DEBUG] Response Type: E42setup
[DEBUG] Overhead: 0.32 ms
--------------------------------------------------
[TX] [xApp --> RIC]
[DEBUG]Length: 134 bytes
[*] ProcedureCode: 0xf
[DEBUG] Message Type: E42RICsubscription
[*] ProcedureCode: 0xf
[*] Processing E42RICsubscription message (134 bytes)
Before decoding:
000f008081000005003e000200080003000c0499f9075000000e00200e00001d00050000010000000500020002001e005500030803e7000013004b4000004700010480420000003840010004010100000101204452422e50646370536475566f6c756d65444c0120000001204452422e50646370536475566f6c756d65554c012000004003e7
Converted to JSON:
{
  "initiatingMessage": {
    "procedureCode": 15,
    "criticality": "reject",
    "value": {
      "protocolIEs": [
        {
          "id": 62,
          "criticality": "reject",
          "value": 8
        },
        {
          "id": 3,
          "criticality": "reject",
          "value": {
            "gNB": {
              "global-gNB-ID": {
                "plmn-id": "99f907",
                "gnb-id": {
                  "gnb-ID": {
                    "value": "00000e00",
                    "length": 32
                  }
                }
              },
              "gNB-CU-UP-ID": 3584
            }
          }
        },
        {
          "id": 29,
          "criticality": "reject",
          "value": {
            "ricRequestorID": 1,
            "ricInstanceID": 0
          }
        },
        {
          "id": 5,
          "criticality": "reject",
          "value": 2
        },
        {
          "id": 30,
          "criticality": "reject",
          "value": {
            "ricEventTriggerDefinition": "0803e7",
            "ricAction-ToBeSetup-List": [
              {
                "id": 19,
                "criticality": "reject",
                "value": {
                  "ricActionID": 0,
                  "ricActionType": "report",
                  "ricActionDefinition": "00010480420000003840010004010100000101204452422e50646370536475566f6c756d65444c0120000001204452422e50646370536475566f6c756d65554c012000004003e7"
                }
              }
            ]
          }
        }
      ]
    }
  }
}
[*] Selected fuzzing strategy: json
[DEBUG] Extracting field: initiatingMessage of type dict
[DEBUG] Extracting field: initiatingMessage.procedureCode of type int
[DEBUG] Extracting field: initiatingMessage.criticality of type str
[DEBUG] Extracting field: initiatingMessage.value of type dict
[DEBUG] Extracting field: initiatingMessage.value.protocolIEs of type list
[DEBUG] Extracting field: initiatingMessage.value.protocolIEs[0].id of type int
[DEBUG] Extracting field: initiatingMessage.value.protocolIEs[0].criticality of type str
[DEBUG] Extracting field: initiatingMessage.value.protocolIEs[0].value of type int
[DEBUG] Extracting field: initiatingMessage.value.protocolIEs[1].id of type int
[DEBUG] Extracting field: initiatingMessage.value.protocolIEs[1].criticality of type str
[DEBUG] Extracting field: initiatingMessage.value.protocolIEs[1].value of type dict
[DEBUG] Extracting field: initiatingMessage.value.protocolIEs[1].value.gNB of type dict
[DEBUG] Extracting field: initiatingMessage.value.protocolIEs[1].value.gNB.global-gNB-ID of type dict
[DEBUG] Extracting field: initiatingMessage.value.protocolIEs[1].value.gNB.global-gNB-ID.plmn-id of type str
[DEBUG] Extracting field: initiatingMessage.value.protocolIEs[1].value.gNB.global-gNB-ID.gnb-id of type dict
[DEBUG] Extracting field: initiatingMessage.value.protocolIEs[1].value.gNB.global-gNB-ID.gnb-id.gnb-ID of type dict
[DEBUG] Extracting field: initiatingMessage.value.protocolIEs[1].value.gNB.global-gNB-ID.gnb-id.gnb-ID.value of type str
[DEBUG] Extracting field: initiatingMessage.value.protocolIEs[1].value.gNB.global-gNB-ID.gnb-id.gnb-ID.length of type int
[DEBUG] Extracting field: initiatingMessage.value.protocolIEs[1].value.gNB.gNB-CU-UP-ID of type int
[DEBUG] Extracting field: initiatingMessage.value.protocolIEs[2].id of type int
[DEBUG] Extracting field: initiatingMessage.value.protocolIEs[2].criticality of type str
[DEBUG] Extracting field: initiatingMessage.value.protocolIEs[2].value of type dict
[DEBUG] Extracting field: initiatingMessage.value.protocolIEs[2].value.ricRequestorID of type int
[DEBUG] Extracting field: initiatingMessage.value.protocolIEs[2].value.ricInstanceID of type int
[DEBUG] Extracting field: initiatingMessage.value.protocolIEs[3].id of type int
[DEBUG] Extracting field: initiatingMessage.value.protocolIEs[3].criticality of type str
[DEBUG] Extracting field: initiatingMessage.value.protocolIEs[3].value of type int
[DEBUG] Extracting field: initiatingMessage.value.protocolIEs[4].id of type int
[DEBUG] Extracting field: initiatingMessage.value.protocolIEs[4].criticality of type str
[DEBUG] Extracting field: initiatingMessage.value.protocolIEs[4].value of type dict
[DEBUG] Extracting field: initiatingMessage.value.protocolIEs[4].value.ricEventTriggerDefinition of type str
[DEBUG] Extracting field: initiatingMessage.value.protocolIEs[4].value.ricAction-ToBeSetup-List of type list
[DEBUG] Extracting field: initiatingMessage.value.protocolIEs[4].value.ricAction-ToBeSetup-List[0].id of type int
[DEBUG] Extracting field: initiatingMessage.value.protocolIEs[4].value.ricAction-ToBeSetup-List[0].criticality of type str
[DEBUG] Extracting field: initiatingMessage.value.protocolIEs[4].value.ricAction-ToBeSetup-List[0].value of type dict
[DEBUG] Extracting field: initiatingMessage.value.protocolIEs[4].value.ricAction-ToBeSetup-List[0].value.ricActionID of type int
[DEBUG] Extracting field: initiatingMessage.value.protocolIEs[4].value.ricAction-ToBeSetup-List[0].value.ricActionType of type str
[DEBUG] Extracting field: initiatingMessage.value.protocolIEs[4].value.ricAction-ToBeSetup-List[0].value.ricActionDefinition of type str
[DEBUG] Selected JSON fields to mutate: ['criticality']
[DEBUG] Generated new value for criticality: ignore
[DEBUG] Setting field: protocolIEs at index 4
[DEBUG] Current context after setting array: {'id': 30, 'criticality': 'reject', 'value': {'ricEventTriggerDefinition': '0803e7', 'ricAction-ToBeSetup-List': [{'id': 19, 'criticality': 'reject', 'value': {'ricActionID': 0, 'ricActionType': 'report', 'ricActionDefinition': '00010480420000003840010004010100000101204452422e50646370536475566f6c756d65444c0120000001204452422e50646370536475566f6c756d65554c012000004003e7'}}]}}
[DEBUG] Setting field: ricAction-ToBeSetup-List at index 0
[DEBUG] Current context after setting array: {'id': 19, 'criticality': 'reject', 'value': {'ricActionID': 0, 'ricActionType': 'report', 'ricActionDefinition': '00010480420000003840010004010100000101204452422e50646370536475566f6c756d65444c0120000001204452422e50646370536475566f6c756d65554c012000004003e7'}}
[+] Mutated initiatingMessage.value.protocolIEs[4].value.ricAction-ToBeSetup-List[0].criticality: reject -> ignore
[*] Successfully mutated 1 JSON fields
[+] Successfully fuzzed message (134 bytes)
[+] Encoded again:
000f008081000005003e000200080003000c0499f9075000000e00200e00001d00050000010000000500020002001e005500030803e7000013404b4000004700010480420000003840010004010100000101204452422e50646370536475566f6c756d65444c0120000001204452422e50646370536475566f6c756d65554c012000004003e7
[DEBUG] Overhead: 22.88 ms
--------------------------------------------------
[RX] [xApp <-- RIC]
[DEBUG]Length: 38 bytes
[*] ProcedureCode: 0x8
[DEBUG] Response Type: RICsubscription
[DEBUG] Overhead: 0.22 ms
--------------------------------------------------
[TX] [xApp --> RIC]
[DEBUG]Length: 178 bytes
[*] ProcedureCode: 0xf
[DEBUG] Message Type: E42RICsubscription
[*] ProcedureCode: 0xf
[*] Processing E42RICsubscription message (178 bytes)
Before decoding:
000f0080ad000005003e000200080003000c0299f9075000000e00200e00001d00050000020000000500020002001e00808000030803e7000013007640000072000104806d0000003840010004010100000401004452422e526c6353647544656c6179446c0120000000a04452422e5545546870446c0120000000a04452422e5545546870556c0120000000b05252552e507262546f74446c0120000000b05252552e507262546f74556c012000004003e7
Converted to JSON:
{
  "initiatingMessage": {
    "procedureCode": 15,
    "criticality": "reject",
    "value": {
      "protocolIEs": [
        {
          "id": 62,
          "criticality": "reject",
          "value": 8
        },
        {
          "id": 3,
          "criticality": "reject",
          "value": {
            "gNB": {
              "global-gNB-ID": {
                "plmn-id": "99f907",
                "gnb-id": {
                  "gnb-ID": {
                    "value": "00000e00",
                    "length": 32
                  }
                }
              },
              "gNB-DU-ID": 3584
            }
          }
        },
        {
          "id": 29,
          "criticality": "reject",
          "value": {
            "ricRequestorID": 2,
            "ricInstanceID": 0
          }
        },
        {
          "id": 5,
          "criticality": "reject",
          "value": 2
        },
        {
          "id": 30,
          "criticality": "reject",
          "value": {
            "ricEventTriggerDefinition": "0803e7",
            "ricAction-ToBeSetup-List": [
              {
                "id": 19,
                "criticality": "reject",
                "value": {
                  "ricActionID": 0,
                  "ricActionType": "report",
                  "ricActionDefinition": "000104806d0000003840010004010100000401004452422e526c6353647544656c6179446c0120000000a04452422e5545546870446c0120000000a04452422e5545546870556c0120000000b05252552e507262546f74446c0120000000b05252552e507262546f74556c012000004003e7"
                }
              }
            ]
          }
        }
      ]
    }
  }
}
[*] Selected fuzzing strategy: json
[DEBUG] Extracting field: initiatingMessage of type dict
[DEBUG] Extracting field: initiatingMessage.procedureCode of type int
[DEBUG] Extracting field: initiatingMessage.criticality of type str
[DEBUG] Extracting field: initiatingMessage.value of type dict
[DEBUG] Extracting field: initiatingMessage.value.protocolIEs of type list
[DEBUG] Extracting field: initiatingMessage.value.protocolIEs[0].id of type int
[DEBUG] Extracting field: initiatingMessage.value.protocolIEs[0].criticality of type str
[DEBUG] Extracting field: initiatingMessage.value.protocolIEs[0].value of type int
[DEBUG] Extracting field: initiatingMessage.value.protocolIEs[1].id of type int
[DEBUG] Extracting field: initiatingMessage.value.protocolIEs[1].criticality of type str
[DEBUG] Extracting field: initiatingMessage.value.protocolIEs[1].value of type dict
[DEBUG] Extracting field: initiatingMessage.value.protocolIEs[1].value.gNB of type dict
[DEBUG] Extracting field: initiatingMessage.value.protocolIEs[1].value.gNB.global-gNB-ID of type dict
[DEBUG] Extracting field: initiatingMessage.value.protocolIEs[1].value.gNB.global-gNB-ID.plmn-id of type str
[DEBUG] Extracting field: initiatingMessage.value.protocolIEs[1].value.gNB.global-gNB-ID.gnb-id of type dict
[DEBUG] Extracting field: initiatingMessage.value.protocolIEs[1].value.gNB.global-gNB-ID.gnb-id.gnb-ID of type dict
[DEBUG] Extracting field: initiatingMessage.value.protocolIEs[1].value.gNB.global-gNB-ID.gnb-id.gnb-ID.value of type str
[DEBUG] Extracting field: initiatingMessage.value.protocolIEs[1].value.gNB.global-gNB-ID.gnb-id.gnb-ID.length of type int
[DEBUG] Extracting field: initiatingMessage.value.protocolIEs[1].value.gNB.gNB-DU-ID of type int
[DEBUG] Extracting field: initiatingMessage.value.protocolIEs[2].id of type int
[DEBUG] Extracting field: initiatingMessage.value.protocolIEs[2].criticality of type str
[DEBUG] Extracting field: initiatingMessage.value.protocolIEs[2].value of type dict
[DEBUG] Extracting field: initiatingMessage.value.protocolIEs[2].value.ricRequestorID of type int
[DEBUG] Extracting field: initiatingMessage.value.protocolIEs[2].value.ricInstanceID of type int
[DEBUG] Extracting field: initiatingMessage.value.protocolIEs[3].id of type int
[DEBUG] Extracting field: initiatingMessage.value.protocolIEs[3].criticality of type str
[DEBUG] Extracting field: initiatingMessage.value.protocolIEs[3].value of type int
[DEBUG] Extracting field: initiatingMessage.value.protocolIEs[4].id of type int
[DEBUG] Extracting field: initiatingMessage.value.protocolIEs[4].criticality of type str
[DEBUG] Extracting field: initiatingMessage.value.protocolIEs[4].value of type dict
[DEBUG] Extracting field: initiatingMessage.value.protocolIEs[4].value.ricEventTriggerDefinition of type str
[DEBUG] Extracting field: initiatingMessage.value.protocolIEs[4].value.ricAction-ToBeSetup-List of type list
[DEBUG] Extracting field: initiatingMessage.value.protocolIEs[4].value.ricAction-ToBeSetup-List[0].id of type int
[DEBUG] Extracting field: initiatingMessage.value.protocolIEs[4].value.ricAction-ToBeSetup-List[0].criticality of type str
[DEBUG] Extracting field: initiatingMessage.value.protocolIEs[4].value.ricAction-ToBeSetup-List[0].value of type dict
[DEBUG] Extracting field: initiatingMessage.value.protocolIEs[4].value.ricAction-ToBeSetup-List[0].value.ricActionID of type int
[DEBUG] Extracting field: initiatingMessage.value.protocolIEs[4].value.ricAction-ToBeSetup-List[0].value.ricActionType of type str
[DEBUG] Extracting field: initiatingMessage.value.protocolIEs[4].value.ricAction-ToBeSetup-List[0].value.ricActionDefinition of type str
[DEBUG] Selected JSON fields to mutate: ['ricActionType']
[DEBUG] Generated new value for ricActionType: insert
[DEBUG] Setting field: protocolIEs at index 4
[DEBUG] Current context after setting array: {'id': 30, 'criticality': 'reject', 'value': {'ricEventTriggerDefinition': '0803e7', 'ricAction-ToBeSetup-List': [{'id': 19, 'criticality': 'reject', 'value': {'ricActionID': 0, 'ricActionType': 'report', 'ricActionDefinition': '000104806d0000003840010004010100000401004452422e526c6353647544656c6179446c0120000000a04452422e5545546870446c0120000000a04452422e5545546870556c0120000000b05252552e507262546f74446c0120000000b05252552e507262546f74556c012000004003e7'}}]}}
[DEBUG] Setting field: ricAction-ToBeSetup-List at index 0
[DEBUG] Current context after setting array: {'id': 19, 'criticality': 'reject', 'value': {'ricActionID': 0, 'ricActionType': 'report', 'ricActionDefinition': '000104806d0000003840010004010100000401004452422e526c6353647544656c6179446c0120000000a04452422e5545546870446c0120000000a04452422e5545546870556c0120000000b05252552e507262546f74446c0120000000b05252552e507262546f74556c012000004003e7'}}
[+] Mutated initiatingMessage.value.protocolIEs[4].value.ricAction-ToBeSetup-List[0].value.ricActionType: report -> insert
[*] Successfully mutated 1 JSON fields
[+] Successfully fuzzed message (178 bytes)
[+] Encoded again:
000f0080ad000005003e000200080003000c0299f9075000000e00200e00001d00050000020000000500020002001e00808000030803e7000013007640002072000104806d0000003840010004010100000401004452422e526c6353647544656c6179446c0120000000a04452422e5545546870446c0120000000a04452422e5545546870556c0120000000b05252552e507262546f74446c0120000000b05252552e507262546f74556c012000004003e7
[DEBUG] Overhead: 24.75 ms
--------------------------------------------------
[TX] [xApp --> RIC]
[DEBUG]Length: 0 bytes
[DEBUG] Message Type: None
[*] Processing None message (0 bytes)
Before decoding:

[!] Failed to convert message to JSON. Skipping fuzzing.
[*] Cleaning up xApp connection.
[*] Waiting for new xApp connection...
^C
[!] KeyboardInterrupt: Shutting down proxy.
==================================================
            FUZZING STATISTICS            
==================================================
Runtime: 0h 4m 51s
Total messages processed: 6
Messages fuzzed: 2 (33.33%)
==================================================
[*] Closed all sockets. Goodbye!
