=================================================
            SCTP MITM Proxy - Starting   
==================================================
[+] Connected to RIC at 192.168.71.184:36422
[*] Listening for xApp on 192.168.71.129:36422...
[*] Fuzzing enabled: True (Probability: 70.0%)
[*] Waiting for new xApp connection...
[+] Accepted xApp connection from ('192.168.71.185', 47300)
[TX] [xApp --> RIC]
[DEBUG]Length: 492 bytes
[*] ProcedureCode: 0xe
[DEBUG] Message Type: E42setup
[*] ProcedureCode: 0xe
[*] Processing E42setup message (492 bytes)
Before decoding:
000e0081e7000001000a0081df070008005a0000023800304f52414e2d4532534d2d4b504d000018312e332e362e312e342e312e35333134382e312e322e322e3205004b504d204d6f6e69746f720002000018312e332e362e312e342e312e35333134382e312e322e322e320008005a000003380005804f52414e2d4532534d2d5243000018312e332e362e312e342e312e35333134382e312e312e322e33050052414e20436f6e74726f6c0001000018312e332e362e312e342e312e35333134382e312e312e322e330008002c00008e0c4d41435f53544154535f56300001000016302e302e302e302e302e302e302e302e312e3134322e300008002c00008f0c524c435f53544154535f56300001000016302e302e302e302e302e302e302e302e312e3134332e300008002d0000900d504443505f53544154535f56300001000016302e302e302e302e302e302e302e302e312e3134342e300008002e0000910e534c4943455f53544154535f56300001000016302e302e302e302e302e302e302e302e312e3134352e300008002b0000920b54435f53544154535f56300001000016302e302e302e302e302e302e302e302e312e3134362e300008002c0000940c4754505f53544154535f56300001000016302e302e302e302e302e302e302e302e312e3134382e30
Converted to JSON:
{
  "initiatingMessage": {
    "procedureCode": 14,
    "criticality": "reject",
    "value": {
      "protocolIEs": [
        {
          "id": 10,
          "criticality": "reject",
          "value": [
            {
              "id": 8,
              "criticality": "reject",
              "value": {
                "ranFunctionID": 2,
                "ranFunctionDefinition": "00304f52414e2d4532534d2d4b504d000018312e332e362e312e342e312e35333134382e312e322e322e3205004b504d204d6f6e69746f72",
                "ranFunctionRevision": 2,
                "ranFunctionOID": "1.3.6.1.4.1.53148.1.2.2.2"
              }
            },
            {
              "id": 8,
              "criticality": "reject",
              "value": {
                "ranFunctionID": 3,
                "ranFunctionDefinition": "0005804f52414e2d4532534d2d5243000018312e332e362e312e342e312e35333134382e312e312e322e33050052414e20436f6e74726f6c",
                "ranFunctionRevision": 1,
                "ranFunctionOID": "1.3.6.1.4.1.53148.1.1.2.3"
              }
            },
            {
              "id": 8,
              "criticality": "reject",
              "value": {
                "ranFunctionID": 142,
                "ranFunctionDefinition": "4d41435f53544154535f5630",
                "ranFunctionRevision": 1,
                "ranFunctionOID": "0.0.0.0.0.0.0.0.1.142.0"
              }
            },
            {
              "id": 8,
              "criticality": "reject",
              "value": {
                "ranFunctionID": 143,
                "ranFunctionDefinition": "524c435f53544154535f5630",
                "ranFunctionRevision": 1,
                "ranFunctionOID": "0.0.0.0.0.0.0.0.1.143.0"
              }
            },
            {
              "id": 8,
              "criticality": "reject",
              "value": {
                "ranFunctionID": 144,
                "ranFunctionDefinition": "504443505f53544154535f5630",
                "ranFunctionRevision": 1,
                "ranFunctionOID": "0.0.0.0.0.0.0.0.1.144.0"
              }
            },
            {
              "id": 8,
              "criticality": "reject",
              "value": {
                "ranFunctionID": 145,
                "ranFunctionDefinition": "534c4943455f53544154535f5630",
                "ranFunctionRevision": 1,
                "ranFunctionOID": "0.0.0.0.0.0.0.0.1.145.0"
              }
            },
            {
              "id": 8,
              "criticality": "reject",
              "value": {
                "ranFunctionID": 146,
                "ranFunctionDefinition": "54435f53544154535f5630",
                "ranFunctionRevision": 1,
                "ranFunctionOID": "0.0.0.0.0.0.0.0.1.146.0"
              }
            },
            {
              "id": 8,
              "criticality": "reject",
              "value": {
                "ranFunctionID": 148,
                "ranFunctionDefinition": "4754505f53544154535f5630",
                "ranFunctionRevision": 1,
                "ranFunctionOID": "0.0.0.0.0.0.0.0.1.148.0"
              }
            }
          ]
        }
      ]
    }
  }
}
[*] Selected fuzzing strategy: both
[*] Found 0 potential ASN.1 encoded fields.
[*] ASN.1 fields: []
[!] No potential ASN.1 encoded fields found.
[DEBUG] Selected JSON fields to mutate: ['ranFunctionID', 'id']
[DEBUG] Generated new value for ranFunctionID: 753
[+] Mutated initiatingMessage.value.protocolIEs[0].value[1].value.ranFunctionID: 3 -> 753
[DEBUG] Generated new value for id: None
[*] Successfully mutated 1 JSON fields
[+] Successfully fuzzed message (492 bytes)
[+] Encoded again:
000e0081e7000001000a0081df070008005a0000023800304f52414e2d4532534d2d4b504d000018312e332e362e312e342e312e35333134382e312e322e322e3205004b504d204d6f6e69746f720002000018312e332e362e312e342e312e35333134382e312e322e322e320008005a0002f1380005804f52414e2d4532534d2d5243000018312e332e362e312e342e312e35333134382e312e312e322e33050052414e20436f6e74726f6c0001000018312e332e362e312e342e312e35333134382e312e312e322e330008002c00008e0c4d41435f53544154535f56300001000016302e302e302e302e302e302e302e302e312e3134322e300008002c00008f0c524c435f53544154535f56300001000016302e302e302e302e302e302e302e302e312e3134332e300008002d0000900d504443505f53544154535f56300001000016302e302e302e302e302e302e302e302e312e3134342e300008002e0000910e534c4943455f53544154535f56300001000016302e302e302e302e302e302e302e302e312e3134352e300008002b0000920b54435f53544154535f56300001000016302e302e302e302e302e302e302e302e312e3134362e300008002c0000940c4754505f53544154535f56300001000016302e302e302e302e302e302e302e302e312e3134382e30
[DEBUG] Overhead: 31.54 ms
--------------------------------------------------
[RX] [xApp <-- RIC]
[DEBUG]Length: 2389 bytes
[*] ProcedureCode: 0xe
[DEBUG] Response Type: E42setup
[DEBUG] Overhead: 0.26 ms
--------------------------------------------------
[TX] [xApp --> RIC]
[DEBUG]Length: 134 bytes
[*] ProcedureCode: 0xf
[DEBUG] Message Type: E42RICsubscription
[*] ProcedureCode: 0xf
[*] Processing E42RICsubscription message (134 bytes)
Before decoding:
000f008081000005003e000200070003000c0499f9075000000e00200e00001d00050000010000000500020002001e005500030803e7000013004b4000004700010480420000003840010004010100000101204452422e50646370536475566f6c756d65444c0120000001204452422e50646370536475566f6c756d65554c012000004003e7
Converted to JSON:
{
  "initiatingMessage": {
    "procedureCode": 15,
    "criticality": "reject",
    "value": {
      "protocolIEs": [
        {
          "id": 62,
          "criticality": "reject",
          "value": 7
        },
        {
          "id": 3,
          "criticality": "reject",
          "value": {
            "gNB": {
              "global-gNB-ID": {
                "plmn-id": "99f907",
                "gnb-id": {
                  "gnb-ID": {
                    "value": "00000e00",
                    "length": 32
                  }
                }
              },
              "gNB-CU-UP-ID": 3584
            }
          }
        },
        {
          "id": 29,
          "criticality": "reject",
          "value": {
            "ricRequestorID": 1,
            "ricInstanceID": 0
          }
        },
        {
          "id": 5,
          "criticality": "reject",
          "value": 2
        },
        {
          "id": 30,
          "criticality": "reject",
          "value": {
            "ricEventTriggerDefinition": "0803e7",
            "ricAction-ToBeSetup-List": [
              {
                "id": 19,
                "criticality": "reject",
                "value": {
                  "ricActionID": 0,
                  "ricActionType": "report",
                  "ricActionDefinition": "00010480420000003840010004010100000101204452422e50646370536475566f6c756d65444c0120000001204452422e50646370536475566f6c756d65554c012000004003e7"
                }
              }
            ]
          }
        }
      ]
    }
  }
}
[*] Selected fuzzing strategy: json
[DEBUG] Selected JSON fields to mutate: ['ricRequestorID', 'criticality']
[DEBUG] Generated new value for ricRequestorID: None
[DEBUG] Generated new value for criticality: notify
[+] Mutated initiatingMessage.value.protocolIEs[1].criticality: reject -> notify
[*] Successfully mutated 1 JSON fields
[+] Successfully fuzzed message (134 bytes)
[+] Encoded again:
000f008081000005003e000200070003800c0499f9075000000e00200e00001d00050000010000000500020002001e005500030803e7000013004b4000004700010480420000003840010004010100000101204452422e50646370536475566f6c756d65444c0120000001204452422e50646370536475566f6c756d65554c012000004003e7
[DEBUG] Overhead: 36.32 ms
--------------------------------------------------
[RX] [xApp <-- RIC]
[DEBUG]Length: 0 bytes
[DEBUG] Response Type: None
[*] Cleaning up xApp connection.
[*] Waiting for new xApp connection...
