p3rplex@p3rplex:/media/p3rplex/data5/Backup_ubuntu22/oran-orchestration/asn1$ python3 client_server_v2.py 
==================================================
            SCTP MITM Proxy - Starting   
==================================================
[+] Connected to RIC at 192.168.71.184:36422
[*] Listening for xApp on 192.168.71.129:36422...
[*] Fuzzing enabled: True (Probability: 70.0%)
[*] Waiting for new xApp connection...
[+] Accepted xApp connection from ('192.168.71.185', 52120)
[TX] [xApp --> RIC]
[DEBUG]Length: 492 bytes
[*] ProcedureCode: 0xe
[DEBUG] Message Type: E42setup
[*] ProcedureCode: 0xe
[*] Processing E42setup message (492 bytes)
Before decoding:
000e0081e7000001000a0081df070008005a0000023800304f52414e2d4532534d2d4b504d000018312e332e362e312e342e312e35333134382e312e322e322e3205004b504d204d6f6e69746f720002000018312e332e362e312e342e312e35333134382e312e322e322e320008005a000003380005804f52414e2d4532534d2d5243000018312e332e362e312e342e312e35333134382e312e312e322e33050052414e20436f6e74726f6c0001000018312e332e362e312e342e312e35333134382e312e312e322e330008002c00008e0c4d41435f53544154535f56300001000016302e302e302e302e302e302e302e302e312e3134322e300008002c00008f0c524c435f53544154535f56300001000016302e302e302e302e302e302e302e302e312e3134332e300008002d0000900d504443505f53544154535f56300001000016302e302e302e302e302e302e302e302e312e3134342e300008002e0000910e534c4943455f53544154535f56300001000016302e302e302e302e302e302e302e302e312e3134352e300008002b0000920b54435f53544154535f56300001000016302e302e302e302e302e302e302e302e312e3134362e300008002c0000940c4754505f53544154535f56300001000016302e302e302e302e302e302e302e302e312e3134382e30
Converted to JSON:
{
  "initiatingMessage": {
    "procedureCode": 14,
    "criticality": "reject",
    "value": {
      "protocolIEs": [
        {
          "id": 10,
          "criticality": "reject",
          "value": [
            {
              "id": 8,
              "criticality": "reject",
              "value": {
                "ranFunctionID": 2,
                "ranFunctionDefinition": "00304f52414e2d4532534d2d4b504d000018312e332e362e312e342e312e35333134382e312e322e322e3205004b504d204d6f6e69746f72",
                "ranFunctionRevision": 2,
                "ranFunctionOID": "1.3.6.1.4.1.53148.1.2.2.2"
              }
            },
            {
              "id": 8,
              "criticality": "reject",
              "value": {
                "ranFunctionID": 3,
                "ranFunctionDefinition": "0005804f52414e2d4532534d2d5243000018312e332e362e312e342e312e35333134382e312e312e322e33050052414e20436f6e74726f6c",
                "ranFunctionRevision": 1,
                "ranFunctionOID": "1.3.6.1.4.1.53148.1.1.2.3"
              }
            },
            {
              "id": 8,
              "criticality": "reject",
              "value": {
                "ranFunctionID": 142,
                "ranFunctionDefinition": "4d41435f53544154535f5630",
                "ranFunctionRevision": 1,
                "ranFunctionOID": "0.0.0.0.0.0.0.0.1.142.0"
              }
            },
            {
              "id": 8,
              "criticality": "reject",
              "value": {
                "ranFunctionID": 143,
                "ranFunctionDefinition": "524c435f53544154535f5630",
                "ranFunctionRevision": 1,
                "ranFunctionOID": "0.0.0.0.0.0.0.0.1.143.0"
              }
            },
            {
              "id": 8,
              "criticality": "reject",
              "value": {
                "ranFunctionID": 144,
                "ranFunctionDefinition": "504443505f53544154535f5630",
                "ranFunctionRevision": 1,
                "ranFunctionOID": "0.0.0.0.0.0.0.0.1.144.0"
              }
            },
            {
              "id": 8,
              "criticality": "reject",
              "value": {
                "ranFunctionID": 145,
                "ranFunctionDefinition": "534c4943455f53544154535f5630",
                "ranFunctionRevision": 1,
                "ranFunctionOID": "0.0.0.0.0.0.0.0.1.145.0"
              }
            },
            {
              "id": 8,
              "criticality": "reject",
              "value": {
                "ranFunctionID": 146,
                "ranFunctionDefinition": "54435f53544154535f5630",
                "ranFunctionRevision": 1,
                "ranFunctionOID": "0.0.0.0.0.0.0.0.1.146.0"
              }
            },
            {
              "id": 8,
              "criticality": "reject",
              "value": {
                "ranFunctionID": 148,
                "ranFunctionDefinition": "4754505f53544154535f5630",
                "ranFunctionRevision": 1,
                "ranFunctionOID": "0.0.0.0.0.0.0.0.1.148.0"
              }
            }
          ]
        }
      ]
    }
  }
}
[!] No potential ASN.1 encoded fields found.
[!] No mutable fields with valid constraints found.
[*] No mutations applied to this message.
[DEBUG] Overhead: 54.25 ms
--------------------------------------------------
[RX] [xApp <-- RIC]
[DEBUG]Length: 2389 bytes
[*] ProcedureCode: 0xe
[DEBUG] Response Type: E42setup
[DEBUG] Overhead: 0.41 ms
--------------------------------------------------
[TX] [xApp --> RIC]
[DEBUG]Length: 134 bytes
[*] ProcedureCode: 0xf
[DEBUG] Message Type: E42RICsubscription
[*] ProcedureCode: 0xf
[*] Processing E42RICsubscription message (134 bytes)
Before decoding:
000f008081000005003e000200070003000c0499f9075000000e00200e00001d00050000010000000500020002001e005500030803e7000013004b4000004700010480420000003840010004010100000101204452422e50646370536475566f6c756d65444c0120000001204452422e50646370536475566f6c756d65554c012000004003e7
Converted to JSON:
{
  "initiatingMessage": {
    "procedureCode": 15,
    "criticality": "reject",
    "value": {
      "protocolIEs": [
        {
          "id": 62,
          "criticality": "reject",
          "value": 7
        },
        {
          "id": 3,
          "criticality": "reject",
          "value": {
            "gNB": {
              "global-gNB-ID": {
                "plmn-id": "99f907",
                "gnb-id": {
                  "gnb-ID": {
                    "value": "00000e00",
                    "length": 32
                  }
                }
              },
              "gNB-CU-UP-ID": 3584
            }
          }
        },
        {
          "id": 29,
          "criticality": "reject",
          "value": {
            "ricRequestorID": 1,
            "ricInstanceID": 0
          }
        },
        {
          "id": 5,
          "criticality": "reject",
          "value": 2
        },
        {
          "id": 30,
          "criticality": "reject",
          "value": {
            "ricEventTriggerDefinition": "0803e7",
            "ricAction-ToBeSetup-List": [
              {
                "id": 19,
                "criticality": "reject",
                "value": {
                  "ricActionID": 0,
                  "ricActionType": "report",
                  "ricActionDefinition": "00010480420000003840010004010100000101204452422e50646370536475566f6c756d65444c0120000001204452422e50646370536475566f6c756d65554c012000004003e7"
                }
              }
            ]
          }
        }
      ]
    }
  }
}
[+] Successfully decoded initiatingMessage.value.protocolIEs[4].value.ricAction-ToBeSetup-List[0].value.ricActionDefinition as E2SM-KPM-ActionDefinition
[DEBUG] Random value chosen for granulPeriod: 1513391101
[+] Mutating granulPeriod: 1000 -> 1513391101
[+] Mutated field 'granulPeriod' in E2SM-KPM-ActionDefinition
[!] Field 'subscriptionID' not found. Skipping mutation.
[!] Field 'reportingPeriod' not found. Skipping mutation.
[!] Field 'subscriptionID' not found. Skipping mutation.
[!] Field 'cellObjID' not found. Skipping mutation.
[!] Error re-encoding ASN.1: encode() argument 'errors' must be str, not dict
[DEBUG] Random value chosen for gNB-CU-UP-ID: 25497707729
[+] Mutating gNB-CU-UP-ID: 3584 -> 25497707729
[*] Successfully mutated 1 fields: gNB-CU-UP-ID
[+] Successfully fuzzed message (137 bytes)
[DEBUG] Overhead: 34.77 ms
--------------------------------------------------
[RX] [xApp <-- RIC]
[DEBUG]Length: 0 bytes
[DEBUG] Response Type: None
[*] Cleaning up xApp connection.
[*] Waiting for new xApp connection...

Original message:
p3rplex@p3rplex:/media/p3rplex/data5/Backup_ubuntu22/oran-orchestration/asn1$ ./reader -hex 000f008081000005003e000200070003000c0499f9075000000e00200e00001d00050000010000000500020002001e005500030803e7000013004b4000004700010480420000003840010004010100000101204452422e50646370536475566f6c756d65444c0120000001204452422e50646370536475566f6c756d65554c012000004003e7
{
   "initiatingMessage":{
      "procedureCode":15,
      "criticality":"reject",
      "value":{
         "protocolIEs":[
            {
               "id":62,
               "criticality":"reject",
               "value":7
            },
            {
               "id":3,
               "criticality":"reject",
               "value":{
                  "gNB":{
                     "global-gNB-ID":{
                        "plmn-id":"99f907",
                        "gnb-id":{
                           "gnb-ID":{
                              "value":"00000e00",
                              "length":32
                           }
                        }
                     },
                     "gNB-CU-UP-ID":3584
                  }
               }
            },
            {
               "id":29,
               "criticality":"reject",
               "value":{
                  "ricRequestorID":1,
                  "ricInstanceID":0
               }
            },
            {
               "id":5,
               "criticality":"reject",
               "value":2
            },
            {
               "id":30,
               "criticality":"reject",
               "value":{
                  "ricEventTriggerDefinition":"0803e7",
                  "ricAction-ToBeSetup-List":[
                     {
                        "id":19,
                        "criticality":"reject",
                        "value":{
                           "ricActionID":0,
                           "ricActionType":"report",
                           "ricActionDefinition":"00010480420000003840010004010100000101204452422e50646370536475566f6c756d65444c0120000001204452422e50646370536475566f6c756d65554c012000004003e7"
                        }
                     }
                  ]
               }
            }
         ]
      }
   }
}

Mutated:

 ./reader -hex 000f008084000005003e000200070003000f0499f9075000000e008005efc824d1001d00050000010000000500020002001e005500030803e7000013004b4000004700010480420000003840010004010100000101204452422e50646370536475566f6c756d65444c0120000001204452422e50646370536475566f6c756d65554c012000004003e7
{
   "initiatingMessage":{
      "procedureCode":15,
      "criticality":"reject",
      "value":{
         "protocolIEs":[
            {
               "id":62,
               "criticality":"reject",
               "value":7
            },
            {
               "id":3,
               "criticality":"reject",
               "value":{
                  "gNB":{
                     "global-gNB-ID":{
                        "plmn-id":"99f907",
                        "gnb-id":{
                           "gnb-ID":{
                              "value":"00000e00",
                              "length":32
                           }
                        }
                     },
                     "gNB-CU-UP-ID":25497707729
                  }
               }
            },
            {
               "id":29,
               "criticality":"reject",
               "value":{
                  "ricRequestorID":1,
                  "ricInstanceID":0
               }
            },
            {
               "id":5,
               "criticality":"reject",
               "value":2
            },
            {
               "id":30,
               "criticality":"reject",
               "value":{
                  "ricEventTriggerDefinition":"0803e7",
                  "ricAction-ToBeSetup-List":[
                     {
                        "id":19,
                        "criticality":"reject",
                        "value":{
                           "ricActionID":0,
                           "ricActionType":"report",
                           "ricActionDefinition":"00010480420000003840010004010100000101204452422e50646370536475566f6c756d65444c0120000001204452422e50646370536475566f6c756d65554c012000004003e7"
                        }
                     }
                  ]
               }
            }
         ]
      }
   }
}


Originao for gNB-DU-ID:

p3rplex@p3rplex:/media/p3rplex/data5/Backup_ubuntu22/oran-orchestration/asn1$ ./reader -hex 0011003f000007003e000200070003000c0299f9075000000e00200e00001d0005000001000000050002008e00160005040100000000170005042a0000000015000140
{
   "initiatingMessage":{
      "procedureCode":17,
      "criticality":"reject",
      "value":{
         "protocolIEs":[
            {
               "id":62,
               "criticality":"reject",
               "value":7
            },
            {
               "id":3,
               "criticality":"reject",
               "value":{
                  "gNB":{
                     "global-gNB-ID":{
                        "plmn-id":"99f907",
                        "gnb-id":{
                           "gnb-ID":{
                              "value":"00000e00",
                              "length":32
                           }
                        }
                     },
                     "gNB-DU-ID":3584
                  }
               }
            },
            {
               "id":29,
               "criticality":"reject",
               "value":{
                  "ricRequestorID":1,
                  "ricInstanceID":0
               }
            },
            {
               "id":5,
               "criticality":"reject",
               "value":142
            },
            {
               "id":22,
               "criticality":"reject",
               "value":"01000000"
            },
            {
               "id":23,
               "criticality":"reject",
               "value":"2a000000"
            },
            {
               "id":21,
               "criticality":"reject",
               "value":"ack"
            }
         ]
      }
   }
}
Mutated for gNB-DU-ID
 ./reader -hex 00110042000007003e000200070003000f0299f9075000000e00800eebba11db001d0005000001000000050002008e00160005040100000000170005042a0000000015000140
{
   "initiatingMessage":{
      "procedureCode":17,
      "criticality":"reject",
      "value":{
         "protocolIEs":[
            {
               "id":62,
               "criticality":"reject",
               "value":7
            },
            {
               "id":3,
               "criticality":"reject",
               "value":{
                  "gNB":{
                     "global-gNB-ID":{
                        "plmn-id":"99f907",
                        "gnb-id":{
                           "gnb-ID":{
                              "value":"00000e00",
                              "length":32
                           }
                        }
                     },
                     "gNB-DU-ID":64084382171
                  }
               }
            },
            {
               "id":29,
               "criticality":"reject",
               "value":{
                  "ricRequestorID":1,
                  "ricInstanceID":0
               }
            },
            {
               "id":5,
               "criticality":"reject",
               "value":142
            },
            {
               "id":22,
               "criticality":"reject",
               "value":"01000000"
            },
            {
               "id":23,
               "criticality":"reject",
               "value":"2a000000"
            },
            {
               "id":21,
               "criticality":"reject",
               "value":"ack"
            }
         ]
      }
   }
}